<?xml version="1.0" encoding="utf-8"?><testsuites name="pytest tests"><testsuite name="pytest" errors="5" failures="26" skipped="0" tests="133" time="134.961" timestamp="2026-04-16T11:03:43.997887-03:00" hostname="MarceloPC"><testcase classname="tests.test_api.TestHealthCheck" name="test_health_check" time="1.205" /><testcase classname="tests.test_api.TestAPIAuth" name="test_unauthorized_access" time="0.904" /><testcase classname="tests.test_api.TestAPIWorks" name="test_obras_endpoint_structure" time="0.637" /><testcase classname="tests.test_api.TestMetrics" name="test_metrics_requires_login" time="0.623" /><testcase classname="tests.test_api.TestBackupAPI" name="test_backup_list_requires_admin" time="0.671" /><testcase classname="tests.test_api.TestAuditAPI" name="test_audit_requires_login" time="0.619" /><testcase classname="tests.test_auth.TestLogin" name="test_login_sucesso" time="0.682" /><testcase classname="tests.test_auth.TestLogin" name="test_login_senha_invalida" time="0.493" /><testcase classname="tests.test_auth.TestLogin" name="test_login_email_invalido" time="0.325" /><testcase classname="tests.test_auth.TestLogin" name="test_login_campos_vazios" time="0.323" /><testcase classname="tests.test_auth.TestLogin" name="test_logout" time="0.450" /><testcase classname="tests.test_auth.TestCadastro" name="test_cadastro_empresa_sucesso" time="0.485" /><testcase classname="tests.test_auth.TestCadastro" name="test_cadastro_empresa_slug_duplicado" time="0.514" /><testcase classname="tests.test_auth.TestCadastro" name="test_cadastro_senha_fraca" time="0.355" /><testcase classname="tests.test_auth.TestCadastro" name="test_cadastro_email_invalido" time="0.471" /><testcase classname="tests.test_auth.TestProtecaoRotas" name="test_dashboard_sem_login" time="0.369" /><testcase classname="tests.test_auth.TestProtecaoRotas" name="test_obras_sem_login" time="0.325" /><testcase classname="tests.test_auth.TestProtecaoRotas" name="test_lancamentos_sem_login" time="0.327" /><testcase classname="tests.test_auth.TestProtecaoRotas" name="test_dashboard_com_login" time="0.545" /><testcase classname="tests.test_auth_completo.TestLoginFlow" name="test_login_sucesso_admin" time="0.522" /><testcase classname="tests.test_auth_completo.TestLoginFlow" name="test_login_sucesso_lembrar" time="0.558" /><testcase classname="tests.test_auth_completo.TestLoginFlow" name="test_login_senha_incorreta" time="0.639" /><testcase classname="tests.test_auth_completo.TestLoginFlow" name="test_login_email_inexistente" time="0.478" /><testcase classname="tests.test_auth_completo.TestLoginFlow" name="test_login_campos_vazios" time="0.362" /><testcase classname="tests.test_auth_completo.TestLoginFlow" name="test_login_email_invalido_formato" time="0.350"><failure message="assert (b'Email' in b'&lt;!DOCTYPE html&gt;\n&lt;html lang=&quot;pt-BR&quot;&gt;\n&lt;head&gt;\n    &lt;meta charset=&quot;UTF-8&quot;&gt;\n    &lt;meta name=&quot;viewport&quot; content=&quot;width=device-width, initial-scale=1.0&quot;&gt;\n    &lt;title&gt;OBRAS PRO - Gestao de Obras Professional&lt;/title&gt;\n    &lt;link href=&quot;https://cdn.jsdelivr.net/npm/bootstrap@5.3.0/dist/css/bootstrap.min.css&quot; rel=&quot;stylesheet&quot;&gt;\n    &lt;link rel=&quot;stylesheet&quot; href=&quot;https://cdn.jsdelivr.net/npm/bootstrap-icons@1.11.0/font/bootstrap-icons.css&quot;&gt;\n    &lt;link href=&quot;https://fonts.googleapis.com/css2?family=Inter:wght@300;400;500;600;700;800&amp;display=swap&quot; rel=&quot;stylesheet&quot;&gt;\n    &lt;style&gt;\n        :root {\n            --bg-primary: #09090b;\n            --bg-secondary: #18181b;\n            --bg-tertiary: #27272a;\n            --accent-primary: #6366f1;\n            --accent-primary-hover: #818cf8;\n            --accent-secondary: #a855f7;\n            --accent-green: #22c55e;\n            --text-primary: #fafafa;\n            --text-secondary: #a1a1aa;\n            --text-muted: #71717a;\n            --border-subtle: #27272a;\n            --border-default: #3f3f46;\n            --gradient-primary: linear-gradient(135deg, #6366f1 0%, #8b5cf6 100%);\n            --gradient-green: linear-gradient(135deg, #22c55e 0%, #16a34a 100%);\n        }\n        \n        * { margin: 0; padding: 0; box-sizing: border-box; }\n        \n        body {\n            font-family: \'Inter\', -apple-system, BlinkMacSystemFont, sans-serif;\n            background: var(--bg-primary);\n            min-height: 100vh;\n            color: var(--text-primary);\n            background-image: \n                radial-gradient(ellipse at top left, rgba(99, 102, 241, 0.2) 0%, transparent 50%),\n                radial-gradient(ellipse at bottom right, rgba(168, 85, 247, 0.15) 0%, transparent 50%),\n                radial-gradient(ellipse at bottom, rgba(34, 197, 94, 0.1) 0%, transparent 50%);\n        }\n        \n        .landing-container {\n            min-height: 100vh;\n            display: grid;\n            grid-template-columns: 1fr 1fr;\n        }\n        \n        @media (max-width: 992px) {\n            .landing-container { grid-template-columns: 1fr; }\n            .landing-right { display: none; }\n        }\n        \n        /* Left Side - Benefits */\n        .landing-left {\n            padding: 60px;\n            display: flex;\n            flex-direction: column;\n            justify-content: flex-start;\n            max-width: 700px;\n            margin: 0 auto;\n            overflow-y: auto;\n            max-height: 100vh;\n            /* Scrollbar sempre vis\xc3\xadvel */\n            scrollbar-width: thin;\n            scrollbar-color: #6366f1 #1e1e2f;\n        }\n        \n        /* Scrollbar Webkit (Chrome, Edge, Safari) */\n        .landing-left::-webkit-scrollbar {\n            width: 14px;\n            display: block;\n        }\n        .landing-left::-webkit-scrollbar-track {\n            background: #1e1e2f;\n            border-radius: 10px;\n            margin: 20px 0;\n            border: 2px solid #1e1e2f;\n        }\n        .landing-left::-webkit-scrollbar-thumb {\n            background: linear-gradient(180deg, #6366f1, #8b5cf6);\n            border-radius: 10px;\n            border: 3px solid #1e1e2f;\n            min-height: 60px;\n        }\n        .landing-left::-webkit-scrollbar-thumb:hover {\n            background: linear-gradient(180deg, #818cf8, #a78bfa);\n        }\n        \n        .brand {\n            display: flex;\n            align-items: center;\n            gap: 14px;\n            margin-bottom: 50px;\n        }\n        \n        .brand-logo {\n            width: 52px;\n            height: 52px;\n            background: var(--gradient-primary);\n            border-radius: 14px;\n            display: flex;\n            align-items: center;\n            justify-content: center;\n            font-size: 24px;\n            box-shadow: 0 8px 24px rgba(99, 102, 241, 0.35);\n        }\n        \n        .brand h1 {\n            font-size: 24px;\n            font-weight: 700;\n            letter-spacing: -0.5px;\n            background: linear-gradient(135deg, #fafafa 0%, #a1a1aa 100%);\n            -webkit-background-clip: text;\n            -webkit-text-fill-color: transparent;\n        }\n        \n        .hero-text h2 {\n            font-size: 42px;\n            font-weight: 800;\n            line-height: 1.15;\n            letter-spacing: -1px;\n            margin-bottom: 20px;\n        }\n        \n        .hero-text h2 span {\n            background: var(--gradient-primary);\n            -webkit-background-clip: text;\n            -webkit-text-fill-color: transparent;\n        }\n        \n        .hero-text p {\n            font-size: 18px;\n            color: var(--text-secondary);\n            line-height: 1.6;\n            margin-bottom: 40px;\n        }\n        \n        .benefits-grid {\n            display: grid;\n            grid-template-columns: 1fr 1fr;\n            gap: 20px;\n            margin-bottom: 50px;\n        }\n        \n        .benefit-card {\n            background: var(--bg-secondary);\n            border: 1px solid var(--border-subtle);\n            border-radius: 14px;\n            padding: 24px;\n            transition: all 0.3s ease;\n        }\n        \n        .benefit-card:hover {\n            border-color: var(--accent-primary);\n            transform: translateY(-4px);\n            box-shadow: 0 12px 40px rgba(99, 102, 241, 0.15);\n        }\n        \n        .benefit-icon {\n            width: 44px;\n            height: 44px;\n            border-radius: 12px;\n            display: flex;\n            align-items: center;\n            justify-content: center;\n            font-size: 20px;\n            margin-bottom: 16px;\n        }\n        \n        .benefit-icon.purple { background: rgba(99, 102, 241, 0.15); color: #818cf8; }\n        .benefit-icon.green { background: rgba(34, 197, 94, 0.15); color: #4ade80; }\n        .benefit-icon.yellow { background: rgba(245, 158, 11, 0.15); color: #fbbf24; }\n        .benefit-icon.pink { background: rgba(236, 72, 153, 0.15); color: #f472b6; }\n        \n        .benefit-card h3 {\n            font-size: 15px;\n            font-weight: 600;\n            margin-bottom: 8px;\n        }\n        \n        .benefit-card p {\n            font-size: 13px;\n            color: var(--text-muted);\n            line-height: 1.5;\n            margin: 0;\n        }\n        \n        .cta-badge {\n            display: inline-flex;\n            align-items: center;\n            gap: 8px;\n            background: rgba(34, 197, 94, 0.15);\n            border: 1px solid rgba(34, 197, 94, 0.3);\n            padding: 8px 16px;\n            border-radius: 20px;\n            font-size: 13px;\n            color: #4ade80;\n            margin-bottom: 24px;\n        }\n        \n        /* Right Side - Login */\n        .landing-right {\n            background: var(--bg-secondary);\n            display: flex;\n            align-items: center;\n            justify-content: center;\n            border-left: 1px solid var(--border-subtle);\n            position: relative;\n            overflow: hidden;\n        }\n        \n        .landing-right::before {\n            content: \'\';\n            position: absolute;\n            top: -50%;\n            right: -50%;\n            width: 100%;\n            height: 100%;\n            background: radial-gradient(circle, rgba(99, 102, 241, 0.1) 0%, transparent 60%);\n        }\n        \n        .login-container {\n            width: 100%;\n            max-width: 380px;\n            padding: 40px;\n            position: relative;\n            z-index: 1;\n        }\n        \n        .login-card {\n            background: var(--bg-tertiary);\n            border: 1px solid var(--border-subtle);\n            border-radius: 20px;\n            padding: 40px;\n            box-shadow: 0 25px 50px -12px rgba(0, 0, 0, 0.4);\n        }\n        \n        .login-header {\n            text-align: center;\n            margin-bottom: 32px;\n        }\n        \n        .login-header h2 {\n            font-size: 20px;\n            font-weight: 600;\n            margin-bottom: 8px;\n        }\n        \n        .login-header p {\n            color: var(--text-muted);\n            font-size: 14px;\n        }\n        \n        .form-group { margin-bottom: 20px; }\n        \n        .form-group label {\n            display: block;\n            margin-bottom: 8px;\n            font-weight: 500;\n            color: var(--text-secondary);\n            font-size: 13px;\n        }\n        \n        .form-control {\n            width: 100%;\n            padding: 14px 16px;\n            background: #1a1a2e !important;\n            border: 1px solid #3f3f46 !important;\n            border-radius: 12px;\n            font-size: 14px;\n            color: #ffffff !important;\n            transition: all 0.2s ease;\n        }\n\n        .form-control:focus {\n            outline: none;\n            border-color: var(--accent-primary) !important;\n            box-shadow: 0 0 0 4px rgba(99, 102, 241, 0.15);\n            background: #16162a !important;\n            color: #ffffff !important;\n        }\n\n        .form-control::placeholder { color: #6b7280 !important; }\n        \n        /* Fix para autocomplete - evita fundo branco/amarelo */\n        .form-control:-webkit-autofill,\n        .form-control:-webkit-autofill:hover,\n        .form-control:-webkit-autofill:focus {\n            -webkit-text-fill-color: #ffffff !important;\n            -webkit-box-shadow: 0 0 0px 1000px #1a1a2e inset !important;\n            transition: background-color 5000s ease-in-out 0s;\n        }\n        \n        .btn-login {\n            width: 100%;\n            padding: 16px;\n            background: var(--gradient-primary);\n            border: none;\n            border-radius: 12px;\n            color: white;\n            font-size: 15px;\n            font-weight: 600;\n            cursor: pointer;\n            transition: all 0.2s ease;\n            margin-top: 8px;\n            box-shadow: 0 4px 16px rgba(99, 102, 241, 0.35);\n        }\n        \n        .btn-login:hover {\n            transform: translateY(-2px);\n            box-shadow: 0 8px 24px rgba(99, 102, 241, 0.45);\n        }\n        \n        .demo-notice {\n            text-align: center;\n            margin-top: 20px;\n            padding: 12px;\n            background: rgba(245, 158, 11, 0.1);\n            border: 1px solid rgba(245, 158, 11, 0.2);\n            border-radius: 10px;\n            font-size: 12px;\n            color: #fbbf24;\n        }\n        \n        .alert {\n            padding: 14px 18px;\n            border-radius: 12px;\n            margin-bottom: 20px;\n            font-size: 13px;\n            display: flex;\n            align-items: center;\n            gap: 10px;\n            border: 1px solid transparent;\n        }\n        \n        .alert-success { background: rgba(34, 197, 94, 0.1); color: #4ade80; border-color: rgba(34, 197, 94, 0.2); }\n        .alert-danger { background: rgba(239, 68, 68, 0.1); color: #f87171; border-color: rgba(239, 68, 68, 0.2); }\n    &lt;/style&gt;\n&lt;/head&gt;\n&lt;body&gt;\n    &lt;div class=&quot;landing-container&quot;&gt;\n        &lt;div class=&quot;landing-left&quot;&gt;\n            &lt;div class=&quot;brand&quot;&gt;\n                &lt;div class=&quot;brand-logo&quot;&gt;\n                    &lt;i class=&quot;bi bi-building&quot;&gt;&lt;/i&gt;\n                &lt;/div&gt;\n                &lt;h1&gt;OBRAS PRO&lt;/h1&gt;\n            &lt;/div&gt;\n            \n            &lt;div class=&quot;hero-text&quot;&gt;\n                &lt;div class=&quot;cta-badge&quot;&gt;\n                    &lt;i class=&quot;bi bi-patch-check-fill&quot;&gt;&lt;/i&gt;\n                    Solucao lider em gestao de obras\n                &lt;/div&gt;\n                &lt;h2&gt;Controle financeiro &lt;span&gt;inteligente&lt;/span&gt; para sua construtora&lt;/h2&gt;\n                &lt;p&gt;Gerencie or\xc3\xa7amentos, acompanhe gastos em tempo real e tome decis\xc3\xb5es baseadas em dados. O sistema que growing construtoras confiam.&lt;/p&gt;\n            &lt;/div&gt;\n            \n            &lt;div class=&quot;benefits-grid&quot;&gt;\n                &lt;div class=&quot;benefit-card&quot;&gt;\n                    &lt;div class=&quot;benefit-icon purple&quot;&gt;\n                        &lt;i class=&quot;bi bi-graph-up-arrow&quot;&gt;&lt;/i&gt;\n                    &lt;/div&gt;\n                    &lt;h3&gt;Dashboard Inteligente&lt;/h3&gt;\n                    &lt;p&gt;Visualize receitas, despesas e alertas em tempo real com gr\xc3\xa1ficos interativos.&lt;/p&gt;\n                &lt;/div&gt;\n                \n                &lt;div class=&quot;benefit-card&quot;&gt;\n                    &lt;div class=&quot;benefit-icon green&quot;&gt;\n                        &lt;i class=&quot;bi bi-exclamation-triangle&quot;&gt;&lt;/i&gt;\n                    &lt;/div&gt;\n                    &lt;h3&gt;Alertas Automaticos&lt;/h3&gt;\n                    &lt;p&gt;Receba avisos quando uma obra ultrapassar o or\xc3\xa7amento ou prazo.&lt;/p&gt;\n                &lt;/div&gt;\n                \n                &lt;div class=&quot;benefit-card&quot;&gt;\n                    &lt;div class=&quot;benefit-icon yellow&quot;&gt;\n                        &lt;i class=&quot;bi bi-robot&quot;&gt;&lt;/i&gt;\n                    &lt;/div&gt;\n                    &lt;h3&gt;Assistente IA&lt;/h3&gt;\n                    &lt;p&gt;Pergunte ao sistema e receba an\xc3\xa1lises financeiras autom\xc3\xa1ticas.&lt;/p&gt;\n                &lt;/div&gt;\n                \n                &lt;div class=&quot;benefit-card&quot;&gt;\n                    &lt;div class=&quot;benefit-icon pink&quot;&gt;\n                        &lt;i class=&quot;bi bi-file-earmark-spreadsheet&quot;&gt;&lt;/i&gt;\n                    &lt;/div&gt;\n                    &lt;h3&gt;Relat\xc3\xb3rios Export\xc3\xa1veis&lt;/h3&gt;\n                    &lt;p&gt;Exporte dados para Excel e apresente a investidores e clientes.&lt;/p&gt;\n                &lt;/div&gt;\n            &lt;/div&gt;\n        &lt;/div&gt;\n        \n        &lt;div class=&quot;landing-right&quot;&gt;\n            &lt;div class=&quot;login-container&quot;&gt;\n                &lt;div class=&quot;login-card&quot;&gt;\n                    &lt;div class=&quot;login-header&quot;&gt;\n                        &lt;h2&gt;Bem-vindo de volta&lt;/h2&gt;\n                        &lt;p&gt;Acesse sua conta para continuar&lt;/p&gt;\n                    &lt;/div&gt;\n                    \n                    \n                        \n                            \n                                &lt;div class=&quot;alert alert-danger&quot;&gt;\n                                    &lt;i class=&quot;bi bi-x-circle-fill&quot;&gt;&lt;/i&gt;\n                                    \n                                    Email inv\xc3\xa1lido.\n                                &lt;/div&gt;\n                            \n                        \n                    \n                    \n                    &lt;form method=&quot;POST&quot; action=&quot;/auth/login&quot;&gt;\n                &lt;input type=&quot;hidden&quot; name=&quot;csrf_token&quot; value=&quot;IjBiMjAwYTY5ODNjMGM4OWFjNmQxNGEzZmEyZTQ4MmFlMTAwN2UwNGIi.aeDsTQ.qFu7epSngDu0iv91JDUNDbOhp3U&quot;&gt;\n                        &lt;div class=&quot;form-group&quot;&gt;\n                            &lt;label for=&quot;email&quot;&gt;Email&lt;/label&gt;\n                            &lt;input type=&quot;email&quot; class=&quot;form-control&quot; id=&quot;email&quot; name=&quot;email&quot; placeholder=&quot;seu@email.com&quot; required&gt;\n                        &lt;/div&gt;\n                        \n                        &lt;div class=&quot;form-group&quot;&gt;\n                            &lt;label for=&quot;senha&quot;&gt;Senha&lt;/label&gt;\n                            &lt;div style=&quot;position: relative;&quot;&gt;\n                                &lt;input type=&quot;password&quot; class=&quot;form-control&quot; id=&quot;senha&quot; name=&quot;senha&quot; placeholder=&quot;Sua senha&quot; required style=&quot;padding-right: 45px;&quot;&gt;\n                                &lt;button type=&quot;button&quot; onclick=&quot;togglePassword()&quot; style=&quot;position: absolute; right: 10px; top: 50%; transform: translateY(-50%); background: none; border: none; color: var(--text-muted); cursor: pointer;&quot;&gt;\n                                    &lt;i class=&quot;bi bi-eye&quot; id=&quot;eyeIcon&quot;&gt;&lt;/i&gt;\n                                &lt;/button&gt;\n                            &lt;/div&gt;\n                        &lt;/div&gt;\n                        \n                        &lt;div class=&quot;form-group&quot;&gt;\n                            &lt;div class=&quot;form-check&quot;&gt;\n                                &lt;input type=&quot;checkbox&quot; class=&quot;form-check-input&quot; id=&quot;lembrar&quot; name=&quot;lembrar&quot; value=&quot;1&quot;&gt;\n                                &lt;label class=&quot;form-check-label&quot; for=&quot;lembrar&quot; style=&quot;font-weight: normal; color: var(--text-secondary);&quot;&gt;\n                                    Lembrar-me por 30 dias\n                                &lt;/label&gt;\n                            &lt;/div&gt;\n                        &lt;/div&gt;\n                        \n                        &lt;button type=&quot;submit&quot; class=&quot;btn-login&quot;&gt;\n                            &lt;i class=&quot;bi bi-arrow-right-short me-2&quot;&gt;&lt;/i&gt;\n                            Entrar no Sistema\n                        &lt;/button&gt;\n                    &lt;/form&gt;\n                    \n                    &lt;div style=&quot;display: flex; justify-content: space-between; margin-top: 20px;&quot;&gt;\n                        &lt;a href=&quot;#&quot; onclick=&quot;document.getElementById(\'esqueceuSenhaModal\').style.display=\'flex\'; return false;&quot; style=&quot;color: var(--text-muted); font-size: 13px; text-decoration: none;&quot;&gt;\n                            &lt;i class=&quot;bi bi-question-circle me-1&quot;&gt;&lt;/i&gt;Esqueceu a senha?\n                        &lt;/a&gt;\n                        &lt;a href=&quot;/auth/empresa/nova&quot; style=&quot;color: var(--accent-primary-hover); font-size: 13px; text-decoration: none;&quot;&gt;\n                            &lt;i class=&quot;bi bi-person-plus me-1&quot;&gt;&lt;/i&gt;Criar nova conta\n                        &lt;/a&gt;\n                    &lt;/div&gt;\n                &lt;/div&gt;\n            &lt;/div&gt;\n        &lt;/div&gt;\n    &lt;/div&gt;\n    \n    &lt;!-- Modal Esqueceu a Senha --&gt;\n    &lt;div id=&quot;esqueceuSenhaModal&quot; style=&quot;display: none; position: fixed; top: 0; left: 0; width: 100%; height: 100%; background: rgba(0,0,0,0.85); z-index: 1000; align-items: center; justify-content: center;&quot;&gt;\n        &lt;div style=&quot;background: var(--bg-secondary); border: 1px solid var(--border-subtle); border-radius: 16px; padding: 30px; max-width: 380px; width: 90%; position: relative;&quot;&gt;\n            &lt;button onclick=&quot;document.getElementById(\'esqueceuSenhaModal\').style.display=\'none\'&quot; style=&quot;position: absolute; top: 15px; right: 15px; background: none; border: none; color: var(--text-muted); font-size: 20px; cursor: pointer;&quot;&gt;\n                &lt;i class=&quot;bi bi-x-lg&quot;&gt;&lt;/i&gt;\n            &lt;/button&gt;\n            &lt;h3 style=&quot;margin-bottom: 15px; color: var(--text-primary); font-size: 18px;&quot;&gt;\n                &lt;i class=&quot;bi bi-key me-2&quot;&gt;&lt;/i&gt;Recuperar Senha\n            &lt;/h3&gt;\n            &lt;p style=&quot;color: var(--text-secondary); font-size: 13px; margin-bottom: 20px;&quot;&gt;\n                Digite seu email para gerar uma nova senha tempor\xc3\xa1ria.\n            &lt;/p&gt;\n            &lt;form method=&quot;POST&quot; action=&quot;/auth/recuperar-senha&quot;&gt;\n                &lt;input type=&quot;hidden&quot; name=&quot;csrf_token&quot; value=&quot;IjBiMjAwYTY5ODNjMGM4OWFjNmQxNGEzZmEyZTQ4MmFlMTAwN2UwNGIi.aeDsTQ.qFu7epSngDu0iv91JDUNDbOhp3U&quot;&gt;\n                &lt;div class=&quot;form-group&quot;&gt;\n                    &lt;label for=&quot;email_recuperar&quot;&gt;Email&lt;/label&gt;\n                    &lt;input type=&quot;email&quot; class=&quot;form-control&quot; id=&quot;email_recuperar&quot; name=&quot;email&quot; placeholder=&quot;seu@email.com&quot; required&gt;\n                &lt;/div&gt;\n                &lt;div class=&quot;form-group&quot;&gt;\n                    &lt;label for=&quot;empresa_recuperar&quot;&gt;Empresa (slug)&lt;/label&gt;\n                    &lt;input type=&quot;text&quot; class=&quot;form-control&quot; id=&quot;empresa_recuperar&quot; name=&quot;empresa&quot; placeholder=&quot;sua-empresa&quot; required&gt;\n                &lt;/div&gt;\n                &lt;div style=&quot;display: flex; gap: 10px;&quot;&gt;\n                    &lt;button type=&quot;button&quot; onclick=&quot;document.getElementById(\'esqueceuSenhaModal\').style.display=\'none\'&quot; class=&quot;btn btn-outline&quot; style=&quot;flex: 1; justify-content: center;&quot;&gt;\n                        Cancelar\n                    &lt;/button&gt;\n                    &lt;button type=&quot;submit&quot; class=&quot;btn btn-primary&quot; style=&quot;flex: 1; justify-content: center;&quot;&gt;\n                        &lt;i class=&quot;bi bi-send me-2&quot;&gt;&lt;/i&gt;Enviar\n                    &lt;/button&gt;\n                &lt;/div&gt;\n            &lt;/form&gt;\n        &lt;/div&gt;\n    &lt;/div&gt;\n    \n    &lt;script&gt;\n        function togglePassword() {\n            const senhaInput = document.getElementById(\'senha\');\n            const eyeIcon = document.getElementById(\'eyeIcon\');\n            if (senhaInput.type === \'password\') {\n                senhaInput.type = \'text\';\n                eyeIcon.className = \'bi bi-eye-slash\';\n            } else {\n                senhaInput.type = \'password\';\n                eyeIcon.className = \'bi bi-eye\';\n            }\n        }\n    &lt;/script&gt;\n&lt;/body&gt;\n&lt;/html&gt;' and (b'invalid' in b'&lt;!doctype html&gt;\n&lt;html lang=&quot;pt-br&quot;&gt;\n&lt;head&gt;\n    &lt;meta charset=&quot;utf-8&quot;&gt;\n    &lt;meta name=&quot;viewport&quot; content=&quot;width=device-width, initial-scale=1.0&quot;&gt;\n    &lt;title&gt;obras pro - gestao de obras professional&lt;/title&gt;\n    &lt;link href=&quot;https://cdn.jsdelivr.net/npm/bootstrap@5.3.0/dist/css/bootstrap.min.css&quot; rel=&quot;stylesheet&quot;&gt;\n    &lt;link rel=&quot;stylesheet&quot; href=&quot;https://cdn.jsdelivr.net/npm/bootstrap-icons@1.11.0/font/bootstrap-icons.css&quot;&gt;\n    &lt;link href=&quot;https://fonts.googleapis.com/css2?family=inter:wght@300;400;500;600;700;800&amp;display=swap&quot; rel=&quot;stylesheet&quot;&gt;\n    &lt;style&gt;\n        :root {\n            --bg-primary: #09090b;\n            --bg-secondary: #18181b;\n            --bg-tertiary: #27272a;\n            --accent-primary: #6366f1;\n            --accent-primary-hover: #818cf8;\n            --accent-secondary: #a855f7;\n            --accent-green: #22c55e;\n            --text-primary: #fafafa;\n            --text-secondary: #a1a1aa;\n            --text-muted: #71717a;\n            --border-subtle: #27272a;\n            --border-default: #3f3f46;\n            --gradient-primary: linear-gradient(135deg, #6366f1 0%, #8b5cf6 100%);\n            --gradient-green: linear-gradient(135deg, #22c55e 0%, #16a34a 100%);\n        }\n        \n        * { margin: 0; padding: 0; box-sizing: border-box; }\n        \n        body {\n            font-family: \'inter\', -apple-system, blinkmacsystemfont, sans-serif;\n            background: var(--bg-primary);\n            min-height: 100vh;\n            color: var(--text-primary);\n            background-image: \n                radial-gradient(ellipse at top left, rgba(99, 102, 241, 0.2) 0%, transparent 50%),\n                radial-gradient(ellipse at bottom right, rgba(168, 85, 247, 0.15) 0%, transparent 50%),\n                radial-gradient(ellipse at bottom, rgba(34, 197, 94, 0.1) 0%, transparent 50%);\n        }\n        \n        .landing-container {\n            min-height: 100vh;\n            display: grid;\n            grid-template-columns: 1fr 1fr;\n        }\n        \n        @media (max-width: 992px) {\n            .landing-container { grid-template-columns: 1fr; }\n            .landing-right { display: none; }\n        }\n        \n        /* left side - benefits */\n        .landing-left {\n            padding: 60px;\n            display: flex;\n            flex-direction: column;\n            justify-content: flex-start;\n            max-width: 700px;\n            margin: 0 auto;\n            overflow-y: auto;\n            max-height: 100vh;\n            /* scrollbar sempre vis\xc3\xadvel */\n            scrollbar-width: thin;\n            scrollbar-color: #6366f1 #1e1e2f;\n        }\n        \n        /* scrollbar webkit (chrome, edge, safari) */\n        .landing-left::-webkit-scrollbar {\n            width: 14px;\n            display: block;\n        }\n        .landing-left::-webkit-scrollbar-track {\n            background: #1e1e2f;\n            border-radius: 10px;\n            margin: 20px 0;\n            border: 2px solid #1e1e2f;\n        }\n        .landing-left::-webkit-scrollbar-thumb {\n            background: linear-gradient(180deg, #6366f1, #8b5cf6);\n            border-radius: 10px;\n            border: 3px solid #1e1e2f;\n            min-height: 60px;\n        }\n        .landing-left::-webkit-scrollbar-thumb:hover {\n            background: linear-gradient(180deg, #818cf8, #a78bfa);\n        }\n        \n        .brand {\n            display: flex;\n            align-items: center;\n            gap: 14px;\n            margin-bottom: 50px;\n        }\n        \n        .brand-logo {\n            width: 52px;\n            height: 52px;\n            background: var(--gradient-primary);\n            border-radius: 14px;\n            display: flex;\n            align-items: center;\n            justify-content: center;\n            font-size: 24px;\n            box-shadow: 0 8px 24px rgba(99, 102, 241, 0.35);\n        }\n        \n        .brand h1 {\n            font-size: 24px;\n            font-weight: 700;\n            letter-spacing: -0.5px;\n            background: linear-gradient(135deg, #fafafa 0%, #a1a1aa 100%);\n            -webkit-background-clip: text;\n            -webkit-text-fill-color: transparent;\n        }\n        \n        .hero-text h2 {\n            font-size: 42px;\n            font-weight: 800;\n            line-height: 1.15;\n            letter-spacing: -1px;\n            margin-bottom: 20px;\n        }\n        \n        .hero-text h2 span {\n            background: var(--gradient-primary);\n            -webkit-background-clip: text;\n            -webkit-text-fill-color: transparent;\n        }\n        \n        .hero-text p {\n            font-size: 18px;\n            color: var(--text-secondary);\n            line-height: 1.6;\n            margin-bottom: 40px;\n        }\n        \n        .benefits-grid {\n            display: grid;\n            grid-template-columns: 1fr 1fr;\n            gap: 20px;\n            margin-bottom: 50px;\n        }\n        \n        .benefit-card {\n            background: var(--bg-secondary);\n            border: 1px solid var(--border-subtle);\n            border-radius: 14px;\n            padding: 24px;\n            transition: all 0.3s ease;\n        }\n        \n        .benefit-card:hover {\n            border-color: var(--accent-primary);\n            transform: translatey(-4px);\n            box-shadow: 0 12px 40px rgba(99, 102, 241, 0.15);\n        }\n        \n        .benefit-icon {\n            width: 44px;\n            height: 44px;\n            border-radius: 12px;\n            display: flex;\n            align-items: center;\n            justify-content: center;\n            font-size: 20px;\n            margin-bottom: 16px;\n        }\n        \n        .benefit-icon.purple { background: rgba(99, 102, 241, 0.15); color: #818cf8; }\n        .benefit-icon.green { background: rgba(34, 197, 94, 0.15); color: #4ade80; }\n        .benefit-icon.yellow { background: rgba(245, 158, 11, 0.15); color: #fbbf24; }\n        .benefit-icon.pink { background: rgba(236, 72, 153, 0.15); color: #f472b6; }\n        \n        .benefit-card h3 {\n            font-size: 15px;\n            font-weight: 600;\n            margin-bottom: 8px;\n        }\n        \n        .benefit-card p {\n            font-size: 13px;\n            color: var(--text-muted);\n            line-height: 1.5;\n            margin: 0;\n        }\n        \n        .cta-badge {\n            display: inline-flex;\n            align-items: center;\n            gap: 8px;\n            background: rgba(34, 197, 94, 0.15);\n            border: 1px solid rgba(34, 197, 94, 0.3);\n            padding: 8px 16px;\n            border-radius: 20px;\n            font-size: 13px;\n            color: #4ade80;\n            margin-bottom: 24px;\n        }\n        \n        /* right side - login */\n        .landing-right {\n            background: var(--bg-secondary);\n            display: flex;\n            align-items: center;\n            justify-content: center;\n            border-left: 1px solid var(--border-subtle);\n            position: relative;\n            overflow: hidden;\n        }\n        \n        .landing-right::before {\n            content: \'\';\n            position: absolute;\n            top: -50%;\n            right: -50%;\n            width: 100%;\n            height: 100%;\n            background: radial-gradient(circle, rgba(99, 102, 241, 0.1) 0%, transparent 60%);\n        }\n        \n        .login-container {\n            width: 100%;\n            max-width: 380px;\n            padding: 40px;\n            position: relative;\n            z-index: 1;\n        }\n        \n        .login-card {\n            background: var(--bg-tertiary);\n            border: 1px solid var(--border-subtle);\n            border-radius: 20px;\n            padding: 40px;\n            box-shadow: 0 25px 50px -12px rgba(0, 0, 0, 0.4);\n        }\n        \n        .login-header {\n            text-align: center;\n            margin-bottom: 32px;\n        }\n        \n        .login-header h2 {\n            font-size: 20px;\n            font-weight: 600;\n            margin-bottom: 8px;\n        }\n        \n        .login-header p {\n            color: var(--text-muted);\n            font-size: 14px;\n        }\n        \n        .form-group { margin-bottom: 20px; }\n        \n        .form-group label {\n            display: block;\n            margin-bottom: 8px;\n            font-weight: 500;\n            color: var(--text-secondary);\n            font-size: 13px;\n        }\n        \n        .form-control {\n            width: 100%;\n            padding: 14px 16px;\n            background: #1a1a2e !important;\n            border: 1px solid #3f3f46 !important;\n            border-radius: 12px;\n            font-size: 14px;\n            color: #ffffff !important;\n            transition: all 0.2s ease;\n        }\n\n        .form-control:focus {\n            outline: none;\n            border-color: var(--accent-primary) !important;\n            box-shadow: 0 0 0 4px rgba(99, 102, 241, 0.15);\n            background: #16162a !important;\n            color: #ffffff !important;\n        }\n\n        .form-control::placeholder { color: #6b7280 !important; }\n        \n        /* fix para autocomplete - evita fundo branco/amarelo */\n        .form-control:-webkit-autofill,\n        .form-control:-webkit-autofill:hover,\n        .form-control:-webkit-autofill:focus {\n            -webkit-text-fill-color: #ffffff !important;\n            -webkit-box-shadow: 0 0 0px 1000px #1a1a2e inset !important;\n            transition: background-color 5000s ease-in-out 0s;\n        }\n        \n        .btn-login {\n            width: 100%;\n            padding: 16px;\n            background: var(--gradient-primary);\n            border: none;\n            border-radius: 12px;\n            color: white;\n            font-size: 15px;\n            font-weight: 600;\n            cursor: pointer;\n            transition: all 0.2s ease;\n            margin-top: 8px;\n            box-shadow: 0 4px 16px rgba(99, 102, 241, 0.35);\n        }\n        \n        .btn-login:hover {\n            transform: translatey(-2px);\n            box-shadow: 0 8px 24px rgba(99, 102, 241, 0.45);\n        }\n        \n        .demo-notice {\n            text-align: center;\n            margin-top: 20px;\n            padding: 12px;\n            background: rgba(245, 158, 11, 0.1);\n            border: 1px solid rgba(245, 158, 11, 0.2);\n            border-radius: 10px;\n            font-size: 12px;\n            color: #fbbf24;\n        }\n        \n        .alert {\n            padding: 14px 18px;\n            border-radius: 12px;\n            margin-bottom: 20px;\n            font-size: 13px;\n            display: flex;\n            align-items: center;\n            gap: 10px;\n            border: 1px solid transparent;\n        }\n        \n        .alert-success { background: rgba(34, 197, 94, 0.1); color: #4ade80; border-color: rgba(34, 197, 94, 0.2); }\n        .alert-danger { background: rgba(239, 68, 68, 0.1); color: #f87171; border-color: rgba(239, 68, 68, 0.2); }\n    &lt;/style&gt;\n&lt;/head&gt;\n&lt;body&gt;\n    &lt;div class=&quot;landing-container&quot;&gt;\n        &lt;div class=&quot;landing-left&quot;&gt;\n            &lt;div class=&quot;brand&quot;&gt;\n                &lt;div class=&quot;brand-logo&quot;&gt;\n                    &lt;i class=&quot;bi bi-building&quot;&gt;&lt;/i&gt;\n                &lt;/div&gt;\n                &lt;h1&gt;obras pro&lt;/h1&gt;\n            &lt;/div&gt;\n            \n            &lt;div class=&quot;hero-text&quot;&gt;\n                &lt;div class=&quot;cta-badge&quot;&gt;\n                    &lt;i class=&quot;bi bi-patch-check-fill&quot;&gt;&lt;/i&gt;\n                    solucao lider em gestao de obras\n                &lt;/div&gt;\n                &lt;h2&gt;controle financeiro &lt;span&gt;inteligente&lt;/span&gt; para sua construtora&lt;/h2&gt;\n                &lt;p&gt;gerencie or\xc3\xa7amentos, acompanhe gastos em tempo real e tome decis\xc3\xb5es baseadas em dados. o sistema que growing construtoras confiam.&lt;/p&gt;\n            &lt;/div&gt;\n            \n            &lt;div class=&quot;benefits-grid&quot;&gt;\n                &lt;div class=&quot;benefit-card&quot;&gt;\n                    &lt;div class=&quot;benefit-icon purple&quot;&gt;\n                        &lt;i class=&quot;bi bi-graph-up-arrow&quot;&gt;&lt;/i&gt;\n                    &lt;/div&gt;\n                    &lt;h3&gt;dashboard inteligente&lt;/h3&gt;\n                    &lt;p&gt;visualize receitas, despesas e alertas em tempo real com gr\xc3\xa1ficos interativos.&lt;/p&gt;\n                &lt;/div&gt;\n                \n                &lt;div class=&quot;benefit-card&quot;&gt;\n                    &lt;div class=&quot;benefit-icon green&quot;&gt;\n                        &lt;i class=&quot;bi bi-exclamation-triangle&quot;&gt;&lt;/i&gt;\n                    &lt;/div&gt;\n                    &lt;h3&gt;alertas automaticos&lt;/h3&gt;\n                    &lt;p&gt;receba avisos quando uma obra ultrapassar o or\xc3\xa7amento ou prazo.&lt;/p&gt;\n                &lt;/div&gt;\n                \n                &lt;div class=&quot;benefit-card&quot;&gt;\n                    &lt;div class=&quot;benefit-icon yellow&quot;&gt;\n                        &lt;i class=&quot;bi bi-robot&quot;&gt;&lt;/i&gt;\n                    &lt;/div&gt;\n                    &lt;h3&gt;assistente ia&lt;/h3&gt;\n                    &lt;p&gt;pergunte ao sistema e receba an\xc3\xa1lises financeiras autom\xc3\xa1ticas.&lt;/p&gt;\n                &lt;/div&gt;\n                \n                &lt;div class=&quot;benefit-card&quot;&gt;\n                    &lt;div class=&quot;benefit-icon pink&quot;&gt;\n                        &lt;i class=&quot;bi bi-file-earmark-spreadsheet&quot;&gt;&lt;/i&gt;\n                    &lt;/div&gt;\n                    &lt;h3&gt;relat\xc3\xb3rios export\xc3\xa1veis&lt;/h3&gt;\n                    &lt;p&gt;exporte dados para excel e apresente a investidores e clientes.&lt;/p&gt;\n                &lt;/div&gt;\n            &lt;/div&gt;\n        &lt;/div&gt;\n        \n        &lt;div class=&quot;landing-right&quot;&gt;\n            &lt;div class=&quot;login-container&quot;&gt;\n                &lt;div class=&quot;login-card&quot;&gt;\n                    &lt;div class=&quot;login-header&quot;&gt;\n                        &lt;h2&gt;bem-vindo de volta&lt;/h2&gt;\n                        &lt;p&gt;acesse sua conta para continuar&lt;/p&gt;\n                    &lt;/div&gt;\n                    \n                    \n                        \n                            \n                                &lt;div class=&quot;alert alert-danger&quot;&gt;\n                                    &lt;i class=&quot;bi bi-x-circle-fill&quot;&gt;&lt;/i&gt;\n                                    \n                                    email inv\xc3\xa1lido.\n                                &lt;/div&gt;\n                            \n                        \n                    \n                    \n                    &lt;form method=&quot;post&quot; action=&quot;/auth/login&quot;&gt;\n                &lt;input type=&quot;hidden&quot; name=&quot;csrf_token&quot; value=&quot;ijbimjawyty5odnjmgm4owfjnmqxngezzmeyztq4mmflmtawn2uwngii.aedstq.qfu7epsngdu0iv91jdundbohp3u&quot;&gt;\n                        &lt;div class=&quot;form-group&quot;&gt;\n                            &lt;label for=&quot;email&quot;&gt;email&lt;/label&gt;\n                            &lt;input type=&quot;email&quot; class=&quot;form-control&quot; id=&quot;email&quot; name=&quot;email&quot; placeholder=&quot;seu@email.com&quot; required&gt;\n                        &lt;/div&gt;\n                        \n                        &lt;div class=&quot;form-group&quot;&gt;\n                            &lt;label for=&quot;senha&quot;&gt;senha&lt;/label&gt;\n                            &lt;div style=&quot;position: relative;&quot;&gt;\n                                &lt;input type=&quot;password&quot; class=&quot;form-control&quot; id=&quot;senha&quot; name=&quot;senha&quot; placeholder=&quot;sua senha&quot; required style=&quot;padding-right: 45px;&quot;&gt;\n                                &lt;button type=&quot;button&quot; onclick=&quot;togglepassword()&quot; style=&quot;position: absolute; right: 10px; top: 50%; transform: translatey(-50%); background: none; border: none; color: var(--text-muted); cursor: pointer;&quot;&gt;\n                                    &lt;i class=&quot;bi bi-eye&quot; id=&quot;eyeicon&quot;&gt;&lt;/i&gt;\n                                &lt;/button&gt;\n                            &lt;/div&gt;\n                        &lt;/div&gt;\n                        \n                        &lt;div class=&quot;form-group&quot;&gt;\n                            &lt;div class=&quot;form-check&quot;&gt;\n                                &lt;input type=&quot;checkbox&quot; class=&quot;form-check-input&quot; id=&quot;lembrar&quot; name=&quot;lembrar&quot; value=&quot;1&quot;&gt;\n                                &lt;label class=&quot;form-check-label&quot; for=&quot;lembrar&quot; style=&quot;font-weight: normal; color: var(--text-secondary);&quot;&gt;\n                                    lembrar-me por 30 dias\n                                &lt;/label&gt;\n                            &lt;/div&gt;\n                        &lt;/div&gt;\n                        \n                        &lt;button type=&quot;submit&quot; class=&quot;btn-login&quot;&gt;\n                            &lt;i class=&quot;bi bi-arrow-right-short me-2&quot;&gt;&lt;/i&gt;\n                            entrar no sistema\n                        &lt;/button&gt;\n                    &lt;/form&gt;\n                    \n                    &lt;div style=&quot;display: flex; justify-content: space-between; margin-top: 20px;&quot;&gt;\n                        &lt;a href=&quot;#&quot; onclick=&quot;document.getelementbyid(\'esqueceusenhamodal\').style.display=\'flex\'; return false;&quot; style=&quot;color: var(--text-muted); font-size: 13px; text-decoration: none;&quot;&gt;\n                            &lt;i class=&quot;bi bi-question-circle me-1&quot;&gt;&lt;/i&gt;esqueceu a senha?\n                        &lt;/a&gt;\n                        &lt;a href=&quot;/auth/empresa/nova&quot; style=&quot;color: var(--accent-primary-hover); font-size: 13px; text-decoration: none;&quot;&gt;\n                            &lt;i class=&quot;bi bi-person-plus me-1&quot;&gt;&lt;/i&gt;criar nova conta\n                        &lt;/a&gt;\n                    &lt;/div&gt;\n                &lt;/div&gt;\n            &lt;/div&gt;\n        &lt;/div&gt;\n    &lt;/div&gt;\n    \n    &lt;!-- modal esqueceu a senha --&gt;\n    &lt;div id=&quot;esqueceusenhamodal&quot; style=&quot;display: none; position: fixed; top: 0; left: 0; width: 100%; height: 100%; background: rgba(0,0,0,0.85); z-index: 1000; align-items: center; justify-content: center;&quot;&gt;\n        &lt;div style=&quot;background: var(--bg-secondary); border: 1px solid var(--border-subtle); border-radius: 16px; padding: 30px; max-width: 380px; width: 90%; position: relative;&quot;&gt;\n            &lt;button onclick=&quot;document.getelementbyid(\'esqueceusenhamodal\').style.display=\'none\'&quot; style=&quot;position: absolute; top: 15px; right: 15px; background: none; border: none; color: var(--text-muted); font-size: 20px; cursor: pointer;&quot;&gt;\n                &lt;i class=&quot;bi bi-x-lg&quot;&gt;&lt;/i&gt;\n            &lt;/button&gt;\n            &lt;h3 style=&quot;margin-bottom: 15px; color: var(--text-primary); font-size: 18px;&quot;&gt;\n                &lt;i class=&quot;bi bi-key me-2&quot;&gt;&lt;/i&gt;recuperar senha\n            &lt;/h3&gt;\n            &lt;p style=&quot;color: var(--text-secondary); font-size: 13px; margin-bottom: 20px;&quot;&gt;\n                digite seu email para gerar uma nova senha tempor\xc3\xa1ria.\n            &lt;/p&gt;\n            &lt;form method=&quot;post&quot; action=&quot;/auth/recuperar-senha&quot;&gt;\n                &lt;input type=&quot;hidden&quot; name=&quot;csrf_token&quot; value=&quot;ijbimjawyty5odnjmgm4owfjnmqxngezzmeyztq4mmflmtawn2uwngii.aedstq.qfu7epsngdu0iv91jdundbohp3u&quot;&gt;\n                &lt;div class=&quot;form-group&quot;&gt;\n                    &lt;label for=&quot;email_recuperar&quot;&gt;email&lt;/label&gt;\n                    &lt;input type=&quot;email&quot; class=&quot;form-control&quot; id=&quot;email_recuperar&quot; name=&quot;email&quot; placeholder=&quot;seu@email.com&quot; required&gt;\n                &lt;/div&gt;\n                &lt;div class=&quot;form-group&quot;&gt;\n                    &lt;label for=&quot;empresa_recuperar&quot;&gt;empresa (slug)&lt;/label&gt;\n                    &lt;input type=&quot;text&quot; class=&quot;form-control&quot; id=&quot;empresa_recuperar&quot; name=&quot;empresa&quot; placeholder=&quot;sua-empresa&quot; required&gt;\n                &lt;/div&gt;\n                &lt;div style=&quot;display: flex; gap: 10px;&quot;&gt;\n                    &lt;button type=&quot;button&quot; onclick=&quot;document.getelementbyid(\'esqueceusenhamodal\').style.display=\'none\'&quot; class=&quot;btn btn-outline&quot; style=&quot;flex: 1; justify-content: center;&quot;&gt;\n                        cancelar\n                    &lt;/button&gt;\n                    &lt;button type=&quot;submit&quot; class=&quot;btn btn-primary&quot; style=&quot;flex: 1; justify-content: center;&quot;&gt;\n                        &lt;i class=&quot;bi bi-send me-2&quot;&gt;&lt;/i&gt;enviar\n                    &lt;/button&gt;\n                &lt;/div&gt;\n            &lt;/form&gt;\n        &lt;/div&gt;\n    &lt;/div&gt;\n    \n    &lt;script&gt;\n        function togglepassword() {\n            const senhainput = document.getelementbyid(\'senha\');\n            const eyeicon = document.getelementbyid(\'eyeicon\');\n            if (senhainput.type === \'password\') {\n                senhainput.type = \'text\';\n                eyeicon.classname = \'bi bi-eye-slash\';\n            } else {\n                senhainput.type = \'password\';\n                eyeicon.classname = \'bi bi-eye\';\n            }\n        }\n    &lt;/script&gt;\n&lt;/body&gt;\n&lt;/html&gt;' or b'erro' in b'&lt;!doctype html&gt;\n&lt;html lang=&quot;pt-br&quot;&gt;\n&lt;head&gt;\n    &lt;meta charset=&quot;utf-8&quot;&gt;\n    &lt;meta name=&quot;viewport&quot; content=&quot;width=device-width, initial-scale=1.0&quot;&gt;\n    &lt;title&gt;obras pro - gestao de obras professional&lt;/title&gt;\n    &lt;link href=&quot;https://cdn.jsdelivr.net/npm/bootstrap@5.3.0/dist/css/bootstrap.min.css&quot; rel=&quot;stylesheet&quot;&gt;\n    &lt;link rel=&quot;stylesheet&quot; href=&quot;https://cdn.jsdelivr.net/npm/bootstrap-icons@1.11.0/font/bootstrap-icons.css&quot;&gt;\n    &lt;link href=&quot;https://fonts.googleapis.com/css2?family=inter:wght@300;400;500;600;700;800&amp;display=swap&quot; rel=&quot;stylesheet&quot;&gt;\n    &lt;style&gt;\n        :root {\n            --bg-primary: #09090b;\n            --bg-secondary: #18181b;\n            --bg-tertiary: #27272a;\n            --accent-primary: #6366f1;\n            --accent-primary-hover: #818cf8;\n            --accent-secondary: #a855f7;\n            --accent-green: #22c55e;\n            --text-primary: #fafafa;\n            --text-secondary: #a1a1aa;\n            --text-muted: #71717a;\n            --border-subtle: #27272a;\n            --border-default: #3f3f46;\n            --gradient-primary: linear-gradient(135deg, #6366f1 0%, #8b5cf6 100%);\n            --gradient-green: linear-gradient(135deg, #22c55e 0%, #16a34a 100%);\n        }\n        \n        * { margin: 0; padding: 0; box-sizing: border-box; }\n        \n        body {\n            font-family: \'inter\', -apple-system, blinkmacsystemfont, sans-serif;\n            background: var(--bg-primary);\n            min-height: 100vh;\n            color: var(--text-primary);\n            background-image: \n                radial-gradient(ellipse at top left, rgba(99, 102, 241, 0.2) 0%, transparent 50%),\n                radial-gradient(ellipse at bottom right, rgba(168, 85, 247, 0.15) 0%, transparent 50%),\n                radial-gradient(ellipse at bottom, rgba(34, 197, 94, 0.1) 0%, transparent 50%);\n        }\n        \n        .landing-container {\n            min-height: 100vh;\n            display: grid;\n            grid-template-columns: 1fr 1fr;\n        }\n        \n        @media (max-width: 992px) {\n            .landing-container { grid-template-columns: 1fr; }\n            .landing-right { display: none; }\n        }\n        \n        /* left side - benefits */\n        .landing-left {\n            padding: 60px;\n            display: flex;\n            flex-direction: column;\n            justify-content: flex-start;\n            max-width: 700px;\n            margin: 0 auto;\n            overflow-y: auto;\n            max-height: 100vh;\n            /* scrollbar sempre vis\xc3\xadvel */\n            scrollbar-width: thin;\n            scrollbar-color: #6366f1 #1e1e2f;\n        }\n        \n        /* scrollbar webkit (chrome, edge, safari) */\n        .landing-left::-webkit-scrollbar {\n            width: 14px;\n            display: block;\n        }\n        .landing-left::-webkit-scrollbar-track {\n            background: #1e1e2f;\n            border-radius: 10px;\n            margin: 20px 0;\n            border: 2px solid #1e1e2f;\n        }\n        .landing-left::-webkit-scrollbar-thumb {\n            background: linear-gradient(180deg, #6366f1, #8b5cf6);\n            border-radius: 10px;\n            border: 3px solid #1e1e2f;\n            min-height: 60px;\n        }\n        .landing-left::-webkit-scrollbar-thumb:hover {\n            background: linear-gradient(180deg, #818cf8, #a78bfa);\n        }\n        \n        .brand {\n            display: flex;\n            align-items: center;\n            gap: 14px;\n            margin-bottom: 50px;\n        }\n        \n        .brand-logo {\n            width: 52px;\n            height: 52px;\n            background: var(--gradient-primary);\n            border-radius: 14px;\n            display: flex;\n            align-items: center;\n            justify-content: center;\n            font-size: 24px;\n            box-shadow: 0 8px 24px rgba(99, 102, 241, 0.35);\n        }\n        \n        .brand h1 {\n            font-size: 24px;\n            font-weight: 700;\n            letter-spacing: -0.5px;\n            background: linear-gradient(135deg, #fafafa 0%, #a1a1aa 100%);\n            -webkit-background-clip: text;\n            -webkit-text-fill-color: transparent;\n        }\n        \n        .hero-text h2 {\n            font-size: 42px;\n            font-weight: 800;\n            line-height: 1.15;\n            letter-spacing: -1px;\n            margin-bottom: 20px;\n        }\n        \n        .hero-text h2 span {\n            background: var(--gradient-primary);\n            -webkit-background-clip: text;\n            -webkit-text-fill-color: transparent;\n        }\n        \n        .hero-text p {\n            font-size: 18px;\n            color: var(--text-secondary);\n            line-height: 1.6;\n            margin-bottom: 40px;\n        }\n        \n        .benefits-grid {\n            display: grid;\n            grid-template-columns: 1fr 1fr;\n            gap: 20px;\n            margin-bottom: 50px;\n        }\n        \n        .benefit-card {\n            background: var(--bg-secondary);\n            border: 1px solid var(--border-subtle);\n            border-radius: 14px;\n            padding: 24px;\n            transition: all 0.3s ease;\n        }\n        \n        .benefit-card:hover {\n            border-color: var(--accent-primary);\n            transform: translatey(-4px);\n            box-shadow: 0 12px 40px rgba(99, 102, 241, 0.15);\n        }\n        \n        .benefit-icon {\n            width: 44px;\n            height: 44px;\n            border-radius: 12px;\n            display: flex;\n            align-items: center;\n            justify-content: center;\n            font-size: 20px;\n            margin-bottom: 16px;\n        }\n        \n        .benefit-icon.purple { background: rgba(99, 102, 241, 0.15); color: #818cf8; }\n        .benefit-icon.green { background: rgba(34, 197, 94, 0.15); color: #4ade80; }\n        .benefit-icon.yellow { background: rgba(245, 158, 11, 0.15); color: #fbbf24; }\n        .benefit-icon.pink { background: rgba(236, 72, 153, 0.15); color: #f472b6; }\n        \n        .benefit-card h3 {\n            font-size: 15px;\n            font-weight: 600;\n            margin-bottom: 8px;\n        }\n        \n        .benefit-card p {\n            font-size: 13px;\n            color: var(--text-muted);\n            line-height: 1.5;\n            margin: 0;\n        }\n        \n        .cta-badge {\n            display: inline-flex;\n            align-items: center;\n            gap: 8px;\n            background: rgba(34, 197, 94, 0.15);\n            border: 1px solid rgba(34, 197, 94, 0.3);\n            padding: 8px 16px;\n            border-radius: 20px;\n            font-size: 13px;\n            color: #4ade80;\n            margin-bottom: 24px;\n        }\n        \n        /* right side - login */\n        .landing-right {\n            background: var(--bg-secondary);\n            display: flex;\n            align-items: center;\n            justify-content: center;\n            border-left: 1px solid var(--border-subtle);\n            position: relative;\n            overflow: hidden;\n        }\n        \n        .landing-right::before {\n            content: \'\';\n            position: absolute;\n            top: -50%;\n            right: -50%;\n            width: 100%;\n            height: 100%;\n            background: radial-gradient(circle, rgba(99, 102, 241, 0.1) 0%, transparent 60%);\n        }\n        \n        .login-container {\n            width: 100%;\n            max-width: 380px;\n            padding: 40px;\n            position: relative;\n            z-index: 1;\n        }\n        \n        .login-card {\n            background: var(--bg-tertiary);\n            border: 1px solid var(--border-subtle);\n            border-radius: 20px;\n            padding: 40px;\n            box-shadow: 0 25px 50px -12px rgba(0, 0, 0, 0.4);\n        }\n        \n        .login-header {\n            text-align: center;\n            margin-bottom: 32px;\n        }\n        \n        .login-header h2 {\n            font-size: 20px;\n            font-weight: 600;\n            margin-bottom: 8px;\n        }\n        \n        .login-header p {\n            color: var(--text-muted);\n            font-size: 14px;\n        }\n        \n        .form-group { margin-bottom: 20px; }\n        \n        .form-group label {\n            display: block;\n            margin-bottom: 8px;\n            font-weight: 500;\n            color: var(--text-secondary);\n            font-size: 13px;\n        }\n        \n        .form-control {\n            width: 100%;\n            padding: 14px 16px;\n            background: #1a1a2e !important;\n            border: 1px solid #3f3f46 !important;\n            border-radius: 12px;\n            font-size: 14px;\n            color: #ffffff !important;\n            transition: all 0.2s ease;\n        }\n\n        .form-control:focus {\n            outline: none;\n            border-color: var(--accent-primary) !important;\n            box-shadow: 0 0 0 4px rgba(99, 102, 241, 0.15);\n            background: #16162a !important;\n            color: #ffffff !important;\n        }\n\n        .form-control::placeholder { color: #6b7280 !important; }\n        \n        /* fix para autocomplete - evita fundo branco/amarelo */\n        .form-control:-webkit-autofill,\n        .form-control:-webkit-autofill:hover,\n        .form-control:-webkit-autofill:focus {\n            -webkit-text-fill-color: #ffffff !important;\n            -webkit-box-shadow: 0 0 0px 1000px #1a1a2e inset !important;\n            transition: background-color 5000s ease-in-out 0s;\n        }\n        \n        .btn-login {\n            width: 100%;\n            padding: 16px;\n            background: var(--gradient-primary);\n            border: none;\n            border-radius: 12px;\n            color: white;\n            font-size: 15px;\n            font-weight: 600;\n            cursor: pointer;\n            transition: all 0.2s ease;\n            margin-top: 8px;\n            box-shadow: 0 4px 16px rgba(99, 102, 241, 0.35);\n        }\n        \n        .btn-login:hover {\n            transform: translatey(-2px);\n            box-shadow: 0 8px 24px rgba(99, 102, 241, 0.45);\n        }\n        \n        .demo-notice {\n            text-align: center;\n            margin-top: 20px;\n            padding: 12px;\n            background: rgba(245, 158, 11, 0.1);\n            border: 1px solid rgba(245, 158, 11, 0.2);\n            border-radius: 10px;\n            font-size: 12px;\n            color: #fbbf24;\n        }\n        \n        .alert {\n            padding: 14px 18px;\n            border-radius: 12px;\n            margin-bottom: 20px;\n            font-size: 13px;\n            display: flex;\n            align-items: center;\n            gap: 10px;\n            border: 1px solid transparent;\n        }\n        \n        .alert-success { background: rgba(34, 197, 94, 0.1); color: #4ade80; border-color: rgba(34, 197, 94, 0.2); }\n        .alert-danger { background: rgba(239, 68, 68, 0.1); color: #f87171; border-color: rgba(239, 68, 68, 0.2); }\n    &lt;/style&gt;\n&lt;/head&gt;\n&lt;body&gt;\n    &lt;div class=&quot;landing-container&quot;&gt;\n        &lt;div class=&quot;landing-left&quot;&gt;\n            &lt;div class=&quot;brand&quot;&gt;\n                &lt;div class=&quot;brand-logo&quot;&gt;\n                    &lt;i class=&quot;bi bi-building&quot;&gt;&lt;/i&gt;\n                &lt;/div&gt;\n                &lt;h1&gt;obras pro&lt;/h1&gt;\n            &lt;/div&gt;\n            \n            &lt;div class=&quot;hero-text&quot;&gt;\n                &lt;div class=&quot;cta-badge&quot;&gt;\n                    &lt;i class=&quot;bi bi-patch-check-fill&quot;&gt;&lt;/i&gt;\n                    solucao lider em gestao de obras\n                &lt;/div&gt;\n                &lt;h2&gt;controle financeiro &lt;span&gt;inteligente&lt;/span&gt; para sua construtora&lt;/h2&gt;\n                &lt;p&gt;gerencie or\xc3\xa7amentos, acompanhe gastos em tempo real e tome decis\xc3\xb5es baseadas em dados. o sistema que growing construtoras confiam.&lt;/p&gt;\n            &lt;/div&gt;\n            \n            &lt;div class=&quot;benefits-grid&quot;&gt;\n                &lt;div class=&quot;benefit-card&quot;&gt;\n                    &lt;div class=&quot;benefit-icon purple&quot;&gt;\n                        &lt;i class=&quot;bi bi-graph-up-arrow&quot;&gt;&lt;/i&gt;\n                    &lt;/div&gt;\n                    &lt;h3&gt;dashboard inteligente&lt;/h3&gt;\n                    &lt;p&gt;visualize receitas, despesas e alertas em tempo real com gr\xc3\xa1ficos interativos.&lt;/p&gt;\n                &lt;/div&gt;\n                \n                &lt;div class=&quot;benefit-card&quot;&gt;\n                    &lt;div class=&quot;benefit-icon green&quot;&gt;\n                        &lt;i class=&quot;bi bi-exclamation-triangle&quot;&gt;&lt;/i&gt;\n                    &lt;/div&gt;\n                    &lt;h3&gt;alertas automaticos&lt;/h3&gt;\n                    &lt;p&gt;receba avisos quando uma obra ultrapassar o or\xc3\xa7amento ou prazo.&lt;/p&gt;\n                &lt;/div&gt;\n                \n                &lt;div class=&quot;benefit-card&quot;&gt;\n                    &lt;div class=&quot;benefit-icon yellow&quot;&gt;\n                        &lt;i class=&quot;bi bi-robot&quot;&gt;&lt;/i&gt;\n                    &lt;/div&gt;\n                    &lt;h3&gt;assistente ia&lt;/h3&gt;\n                    &lt;p&gt;pergunte ao sistema e receba an\xc3\xa1lises financeiras autom\xc3\xa1ticas.&lt;/p&gt;\n                &lt;/div&gt;\n                \n                &lt;div class=&quot;benefit-card&quot;&gt;\n                    &lt;div class=&quot;benefit-icon pink&quot;&gt;\n                        &lt;i class=&quot;bi bi-file-earmark-spreadsheet&quot;&gt;&lt;/i&gt;\n                    &lt;/div&gt;\n                    &lt;h3&gt;relat\xc3\xb3rios export\xc3\xa1veis&lt;/h3&gt;\n                    &lt;p&gt;exporte dados para excel e apresente a investidores e clientes.&lt;/p&gt;\n                &lt;/div&gt;\n            &lt;/div&gt;\n        &lt;/div&gt;\n        \n        &lt;div class=&quot;landing-right&quot;&gt;\n            &lt;div class=&quot;login-container&quot;&gt;\n                &lt;div class=&quot;login-card&quot;&gt;\n                    &lt;div class=&quot;login-header&quot;&gt;\n                        &lt;h2&gt;bem-vindo de volta&lt;/h2&gt;\n                        &lt;p&gt;acesse sua conta para continuar&lt;/p&gt;\n                    &lt;/div&gt;\n                    \n                    \n                        \n                            \n                                &lt;div class=&quot;alert alert-danger&quot;&gt;\n                                    &lt;i class=&quot;bi bi-x-circle-fill&quot;&gt;&lt;/i&gt;\n                                    \n                                    email inv\xc3\xa1lido.\n                                &lt;/div&gt;\n                            \n                        \n                    \n                    \n                    &lt;form method=&quot;post&quot; action=&quot;/auth/login&quot;&gt;\n                &lt;input type=&quot;hidden&quot; name=&quot;csrf_token&quot; value=&quot;ijbimjawyty5odnjmgm4owfjnmqxngezzmeyztq4mmflmtawn2uwngii.aedstq.qfu7epsngdu0iv91jdundbohp3u&quot;&gt;\n                        &lt;div class=&quot;form-group&quot;&gt;\n                            &lt;label for=&quot;email&quot;&gt;email&lt;/label&gt;\n                            &lt;input type=&quot;email&quot; class=&quot;form-control&quot; id=&quot;email&quot; name=&quot;email&quot; placeholder=&quot;seu@email.com&quot; required&gt;\n                        &lt;/div&gt;\n                        \n                        &lt;div class=&quot;form-group&quot;&gt;\n                            &lt;label for=&quot;senha&quot;&gt;senha&lt;/label&gt;\n                            &lt;div style=&quot;position: relative;&quot;&gt;\n                                &lt;input type=&quot;password&quot; class=&quot;form-control&quot; id=&quot;senha&quot; name=&quot;senha&quot; placeholder=&quot;sua senha&quot; required style=&quot;padding-right: 45px;&quot;&gt;\n                                &lt;button type=&quot;button&quot; onclick=&quot;togglepassword()&quot; style=&quot;position: absolute; right: 10px; top: 50%; transform: translatey(-50%); background: none; border: none; color: var(--text-muted); cursor: pointer;&quot;&gt;\n                                    &lt;i class=&quot;bi bi-eye&quot; id=&quot;eyeicon&quot;&gt;&lt;/i&gt;\n                                &lt;/button&gt;\n                            &lt;/div&gt;\n                        &lt;/div&gt;\n                        \n                        &lt;div class=&quot;form-group&quot;&gt;\n                            &lt;div class=&quot;form-check&quot;&gt;\n                                &lt;input type=&quot;checkbox&quot; class=&quot;form-check-input&quot; id=&quot;lembrar&quot; name=&quot;lembrar&quot; value=&quot;1&quot;&gt;\n                                &lt;label class=&quot;form-check-label&quot; for=&quot;lembrar&quot; style=&quot;font-weight: normal; color: var(--text-secondary);&quot;&gt;\n                                    lembrar-me por 30 dias\n                                &lt;/label&gt;\n                            &lt;/div&gt;\n                        &lt;/div&gt;\n                        \n                        &lt;button type=&quot;submit&quot; class=&quot;btn-login&quot;&gt;\n                            &lt;i class=&quot;bi bi-arrow-right-short me-2&quot;&gt;&lt;/i&gt;\n                            entrar no sistema\n                        &lt;/button&gt;\n                    &lt;/form&gt;\n                    \n                    &lt;div style=&quot;display: flex; justify-content: space-between; margin-top: 20px;&quot;&gt;\n                        &lt;a href=&quot;#&quot; onclick=&quot;document.getelementbyid(\'esqueceusenhamodal\').style.display=\'flex\'; return false;&quot; style=&quot;color: var(--text-muted); font-size: 13px; text-decoration: none;&quot;&gt;\n                            &lt;i class=&quot;bi bi-question-circle me-1&quot;&gt;&lt;/i&gt;esqueceu a senha?\n                        &lt;/a&gt;\n                        &lt;a href=&quot;/auth/empresa/nova&quot; style=&quot;color: var(--accent-primary-hover); font-size: 13px; text-decoration: none;&quot;&gt;\n                            &lt;i class=&quot;bi bi-person-plus me-1&quot;&gt;&lt;/i&gt;criar nova conta\n                        &lt;/a&gt;\n                    &lt;/div&gt;\n                &lt;/div&gt;\n            &lt;/div&gt;\n        &lt;/div&gt;\n    &lt;/div&gt;\n    \n    &lt;!-- modal esqueceu a senha --&gt;\n    &lt;div id=&quot;esqueceusenhamodal&quot; style=&quot;display: none; position: fixed; top: 0; left: 0; width: 100%; height: 100%; background: rgba(0,0,0,0.85); z-index: 1000; align-items: center; justify-content: center;&quot;&gt;\n        &lt;div style=&quot;background: var(--bg-secondary); border: 1px solid var(--border-subtle); border-radius: 16px; padding: 30px; max-width: 380px; width: 90%; position: relative;&quot;&gt;\n            &lt;button onclick=&quot;document.getelementbyid(\'esqueceusenhamodal\').style.display=\'none\'&quot; style=&quot;position: absolute; top: 15px; right: 15px; background: none; border: none; color: var(--text-muted); font-size: 20px; cursor: pointer;&quot;&gt;\n                &lt;i class=&quot;bi bi-x-lg&quot;&gt;&lt;/i&gt;\n            &lt;/button&gt;\n            &lt;h3 style=&quot;margin-bottom: 15px; color: var(--text-primary); font-size: 18px;&quot;&gt;\n                &lt;i class=&quot;bi bi-key me-2&quot;&gt;&lt;/i&gt;recuperar senha\n            &lt;/h3&gt;\n            &lt;p style=&quot;color: var(--text-secondary); font-size: 13px; margin-bottom: 20px;&quot;&gt;\n                digite seu email para gerar uma nova senha tempor\xc3\xa1ria.\n            &lt;/p&gt;\n            &lt;form method=&quot;post&quot; action=&quot;/auth/recuperar-senha&quot;&gt;\n                &lt;input type=&quot;hidden&quot; name=&quot;csrf_token&quot; value=&quot;ijbimjawyty5odnjmgm4owfjnmqxngezzmeyztq4mmflmtawn2uwngii.aedstq.qfu7epsngdu0iv91jdundbohp3u&quot;&gt;\n                &lt;div class=&quot;form-group&quot;&gt;\n                    &lt;label for=&quot;email_recuperar&quot;&gt;email&lt;/label&gt;\n                    &lt;input type=&quot;email&quot; class=&quot;form-control&quot; id=&quot;email_recuperar&quot; name=&quot;email&quot; placeholder=&quot;seu@email.com&quot; required&gt;\n                &lt;/div&gt;\n                &lt;div class=&quot;form-group&quot;&gt;\n                    &lt;label for=&quot;empresa_recuperar&quot;&gt;empresa (slug)&lt;/label&gt;\n                    &lt;input type=&quot;text&quot; class=&quot;form-control&quot; id=&quot;empresa_recuperar&quot; name=&quot;empresa&quot; placeholder=&quot;sua-empresa&quot; required&gt;\n                &lt;/div&gt;\n                &lt;div style=&quot;display: flex; gap: 10px;&quot;&gt;\n                    &lt;button type=&quot;button&quot; onclick=&quot;document.getelementbyid(\'esqueceusenhamodal\').style.display=\'none\'&quot; class=&quot;btn btn-outline&quot; style=&quot;flex: 1; justify-content: center;&quot;&gt;\n                        cancelar\n                    &lt;/button&gt;\n                    &lt;button type=&quot;submit&quot; class=&quot;btn btn-primary&quot; style=&quot;flex: 1; justify-content: center;&quot;&gt;\n                        &lt;i class=&quot;bi bi-send me-2&quot;&gt;&lt;/i&gt;enviar\n                    &lt;/button&gt;\n                &lt;/div&gt;\n            &lt;/form&gt;\n        &lt;/div&gt;\n    &lt;/div&gt;\n    \n    &lt;script&gt;\n        function togglepassword() {\n            const senhainput = document.getelementbyid(\'senha\');\n            const eyeicon = document.getelementbyid(\'eyeicon\');\n            if (senhainput.type === \'password\') {\n                senhainput.type = \'text\';\n                eyeicon.classname = \'bi bi-eye-slash\';\n            } else {\n                senhainput.type = \'password\';\n                eyeicon.classname = \'bi bi-eye\';\n            }\n        }\n    &lt;/script&gt;\n&lt;/body&gt;\n&lt;/html&gt;'))&#10; +  where b'&lt;!DOCTYPE html&gt;\n&lt;html lang=&quot;pt-BR&quot;&gt;\n&lt;head&gt;\n    &lt;meta charset=&quot;UTF-8&quot;&gt;\n    &lt;meta name=&quot;viewport&quot; content=&quot;width=device-width, initial-scale=1.0&quot;&gt;\n    &lt;title&gt;OBRAS PRO - Gestao de Obras Professional&lt;/title&gt;\n    &lt;link href=&quot;https://cdn.jsdelivr.net/npm/bootstrap@5.3.0/dist/css/bootstrap.min.css&quot; rel=&quot;stylesheet&quot;&gt;\n    &lt;link rel=&quot;stylesheet&quot; href=&quot;https://cdn.jsdelivr.net/npm/bootstrap-icons@1.11.0/font/bootstrap-icons.css&quot;&gt;\n    &lt;link href=&quot;https://fonts.googleapis.com/css2?family=Inter:wght@300;400;500;600;700;800&amp;display=swap&quot; rel=&quot;stylesheet&quot;&gt;\n    &lt;style&gt;\n        :root {\n            --bg-primary: #09090b;\n            --bg-secondary: #18181b;\n            --bg-tertiary: #27272a;\n            --accent-primary: #6366f1;\n            --accent-primary-hover: #818cf8;\n            --accent-secondary: #a855f7;\n            --accent-green: #22c55e;\n            --text-primary: #fafafa;\n            --text-secondary: #a1a1aa;\n            --text-muted: #71717a;\n            --border-subtle: #27272a;\n            --border-default: #3f3f46;\n            --gradient-primary: linear-gradient(135deg, #6366f1 0%, #8b5cf6 100%);\n            --gradient-green: linear-gradient(135deg, #22c55e 0%, #16a34a 100%);\n        }\n        \n        * { margin: 0; padding: 0; box-sizing: border-box; }\n        \n        body {\n            font-family: \'Inter\', -apple-system, BlinkMacSystemFont, sans-serif;\n            background: var(--bg-primary);\n            min-height: 100vh;\n            color: var(--text-primary);\n            background-image: \n                radial-gradient(ellipse at top left, rgba(99, 102, 241, 0.2) 0%, transparent 50%),\n                radial-gradient(ellipse at bottom right, rgba(168, 85, 247, 0.15) 0%, transparent 50%),\n                radial-gradient(ellipse at bottom, rgba(34, 197, 94, 0.1) 0%, transparent 50%);\n        }\n        \n        .landing-container {\n            min-height: 100vh;\n            display: grid;\n            grid-template-columns: 1fr 1fr;\n        }\n        \n        @media (max-width: 992px) {\n            .landing-container { grid-template-columns: 1fr; }\n            .landing-right { display: none; }\n        }\n        \n        /* Left Side - Benefits */\n        .landing-left {\n            padding: 60px;\n            display: flex;\n            flex-direction: column;\n            justify-content: flex-start;\n            max-width: 700px;\n            margin: 0 auto;\n            overflow-y: auto;\n            max-height: 100vh;\n            /* Scrollbar sempre vis\xc3\xadvel */\n            scrollbar-width: thin;\n            scrollbar-color: #6366f1 #1e1e2f;\n        }\n        \n        /* Scrollbar Webkit (Chrome, Edge, Safari) */\n        .landing-left::-webkit-scrollbar {\n            width: 14px;\n            display: block;\n        }\n        .landing-left::-webkit-scrollbar-track {\n            background: #1e1e2f;\n            border-radius: 10px;\n            margin: 20px 0;\n            border: 2px solid #1e1e2f;\n        }\n        .landing-left::-webkit-scrollbar-thumb {\n            background: linear-gradient(180deg, #6366f1, #8b5cf6);\n            border-radius: 10px;\n            border: 3px solid #1e1e2f;\n            min-height: 60px;\n        }\n        .landing-left::-webkit-scrollbar-thumb:hover {\n            background: linear-gradient(180deg, #818cf8, #a78bfa);\n        }\n        \n        .brand {\n            display: flex;\n            align-items: center;\n            gap: 14px;\n            margin-bottom: 50px;\n        }\n        \n        .brand-logo {\n            width: 52px;\n            height: 52px;\n            background: var(--gradient-primary);\n            border-radius: 14px;\n            display: flex;\n            align-items: center;\n            justify-content: center;\n            font-size: 24px;\n            box-shadow: 0 8px 24px rgba(99, 102, 241, 0.35);\n        }\n        \n        .brand h1 {\n            font-size: 24px;\n            font-weight: 700;\n            letter-spacing: -0.5px;\n            background: linear-gradient(135deg, #fafafa 0%, #a1a1aa 100%);\n            -webkit-background-clip: text;\n            -webkit-text-fill-color: transparent;\n        }\n        \n        .hero-text h2 {\n            font-size: 42px;\n            font-weight: 800;\n            line-height: 1.15;\n            letter-spacing: -1px;\n            margin-bottom: 20px;\n        }\n        \n        .hero-text h2 span {\n            background: var(--gradient-primary);\n            -webkit-background-clip: text;\n            -webkit-text-fill-color: transparent;\n        }\n        \n        .hero-text p {\n            font-size: 18px;\n            color: var(--text-secondary);\n            line-height: 1.6;\n            margin-bottom: 40px;\n        }\n        \n        .benefits-grid {\n            display: grid;\n            grid-template-columns: 1fr 1fr;\n            gap: 20px;\n            margin-bottom: 50px;\n        }\n        \n        .benefit-card {\n            background: var(--bg-secondary);\n            border: 1px solid var(--border-subtle);\n            border-radius: 14px;\n            padding: 24px;\n            transition: all 0.3s ease;\n        }\n        \n        .benefit-card:hover {\n            border-color: var(--accent-primary);\n            transform: translateY(-4px);\n            box-shadow: 0 12px 40px rgba(99, 102, 241, 0.15);\n        }\n        \n        .benefit-icon {\n            width: 44px;\n            height: 44px;\n            border-radius: 12px;\n            display: flex;\n            align-items: center;\n            justify-content: center;\n            font-size: 20px;\n            margin-bottom: 16px;\n        }\n        \n        .benefit-icon.purple { background: rgba(99, 102, 241, 0.15); color: #818cf8; }\n        .benefit-icon.green { background: rgba(34, 197, 94, 0.15); color: #4ade80; }\n        .benefit-icon.yellow { background: rgba(245, 158, 11, 0.15); color: #fbbf24; }\n        .benefit-icon.pink { background: rgba(236, 72, 153, 0.15); color: #f472b6; }\n        \n        .benefit-card h3 {\n            font-size: 15px;\n            font-weight: 600;\n            margin-bottom: 8px;\n        }\n        \n        .benefit-card p {\n            font-size: 13px;\n            color: var(--text-muted);\n            line-height: 1.5;\n            margin: 0;\n        }\n        \n        .cta-badge {\n            display: inline-flex;\n            align-items: center;\n            gap: 8px;\n            background: rgba(34, 197, 94, 0.15);\n            border: 1px solid rgba(34, 197, 94, 0.3);\n            padding: 8px 16px;\n            border-radius: 20px;\n            font-size: 13px;\n            color: #4ade80;\n            margin-bottom: 24px;\n        }\n        \n        /* Right Side - Login */\n        .landing-right {\n            background: var(--bg-secondary);\n            display: flex;\n            align-items: center;\n            justify-content: center;\n            border-left: 1px solid var(--border-subtle);\n            position: relative;\n            overflow: hidden;\n        }\n        \n        .landing-right::before {\n            content: \'\';\n            position: absolute;\n            top: -50%;\n            right: -50%;\n            width: 100%;\n            height: 100%;\n            background: radial-gradient(circle, rgba(99, 102, 241, 0.1) 0%, transparent 60%);\n        }\n        \n        .login-container {\n            width: 100%;\n            max-width: 380px;\n            padding: 40px;\n            position: relative;\n            z-index: 1;\n        }\n        \n        .login-card {\n            background: var(--bg-tertiary);\n            border: 1px solid var(--border-subtle);\n            border-radius: 20px;\n            padding: 40px;\n            box-shadow: 0 25px 50px -12px rgba(0, 0, 0, 0.4);\n        }\n        \n        .login-header {\n            text-align: center;\n            margin-bottom: 32px;\n        }\n        \n        .login-header h2 {\n            font-size: 20px;\n            font-weight: 600;\n            margin-bottom: 8px;\n        }\n        \n        .login-header p {\n            color: var(--text-muted);\n            font-size: 14px;\n        }\n        \n        .form-group { margin-bottom: 20px; }\n        \n        .form-group label {\n            display: block;\n            margin-bottom: 8px;\n            font-weight: 500;\n            color: var(--text-secondary);\n            font-size: 13px;\n        }\n        \n        .form-control {\n            width: 100%;\n            padding: 14px 16px;\n            background: #1a1a2e !important;\n            border: 1px solid #3f3f46 !important;\n            border-radius: 12px;\n            font-size: 14px;\n            color: #ffffff !important;\n            transition: all 0.2s ease;\n        }\n\n        .form-control:focus {\n   
[...]
    dialect.do_execute(
..\..\AppData\Local\Programs\Python\Python311\Lib\site-packages\sqlalchemy\engine\default.py:952: in do_execute
    cursor.execute(statement, parameters)
E   sqlite3.IntegrityError: NOT NULL constraint failed: lancamentos.descricao

The above exception was the direct cause of the following exception:
tests\test_services.py:493: in test_calcular_lucro_por_obra
    db.session.commit()
..\..\AppData\Local\Programs\Python\Python311\Lib\site-packages\sqlalchemy\orm\scoping.py:597: in commit
    return self._proxied.commit()
           ^^^^^^^^^^^^^^^^^^^^^^
..\..\AppData\Local\Programs\Python\Python311\Lib\site-packages\sqlalchemy\orm\session.py:2030: in commit
    trans.commit(_to_root=True)
&lt;string&gt;:2: in commit
    ???
..\..\AppData\Local\Programs\Python\Python311\Lib\site-packages\sqlalchemy\orm\state_changes.py:137: in _go
    ret_value = fn(self, *arg, **kw)
                ^^^^^^^^^^^^^^^^^^^^
..\..\AppData\Local\Programs\Python\Python311\Lib\site-packages\sqlalchemy\orm\session.py:1311: in commit
    self._prepare_impl()
&lt;string&gt;:2: in _prepare_impl
    ???
..\..\AppData\Local\Programs\Python\Python311\Lib\site-packages\sqlalchemy\orm\state_changes.py:137: in _go
    ret_value = fn(self, *arg, **kw)
                ^^^^^^^^^^^^^^^^^^^^
..\..\AppData\Local\Programs\Python\Python311\Lib\site-packages\sqlalchemy\orm\session.py:1286: in _prepare_impl
    self.session.flush()
..\..\AppData\Local\Programs\Python\Python311\Lib\site-packages\sqlalchemy\orm\session.py:4331: in flush
    self._flush(objects)
..\..\AppData\Local\Programs\Python\Python311\Lib\site-packages\sqlalchemy\orm\session.py:4466: in _flush
    with util.safe_reraise():
..\..\AppData\Local\Programs\Python\Python311\Lib\site-packages\sqlalchemy\util\langhelpers.py:121: in __exit__
    raise exc_value.with_traceback(exc_tb)
..\..\AppData\Local\Programs\Python\Python311\Lib\site-packages\sqlalchemy\orm\session.py:4427: in _flush
    flush_context.execute()
..\..\AppData\Local\Programs\Python\Python311\Lib\site-packages\sqlalchemy\orm\unitofwork.py:466: in execute
    rec.execute(self)
..\..\AppData\Local\Programs\Python\Python311\Lib\site-packages\sqlalchemy\orm\unitofwork.py:642: in execute
    util.preloaded.orm_persistence.save_obj(
..\..\AppData\Local\Programs\Python\Python311\Lib\site-packages\sqlalchemy\orm\persistence.py:93: in save_obj
    _emit_insert_statements(
..\..\AppData\Local\Programs\Python\Python311\Lib\site-packages\sqlalchemy\orm\persistence.py:1143: in _emit_insert_statements
    result = connection.execute(
..\..\AppData\Local\Programs\Python\Python311\Lib\site-packages\sqlalchemy\engine\base.py:1419: in execute
    return meth(
..\..\AppData\Local\Programs\Python\Python311\Lib\site-packages\sqlalchemy\sql\elements.py:527: in _execute_on_connection
    return connection._execute_clauseelement(
..\..\AppData\Local\Programs\Python\Python311\Lib\site-packages\sqlalchemy\engine\base.py:1641: in _execute_clauseelement
    ret = self._execute_context(
..\..\AppData\Local\Programs\Python\Python311\Lib\site-packages\sqlalchemy\engine\base.py:1844: in _execute_context
    return self._exec_insertmany_context(dialect, context)
           ^^^^^^^^^^^^^^^^^^^^^^^^^^^^^^^^^^^^^^^^^^^^^^^
..\..\AppData\Local\Programs\Python\Python311\Lib\site-packages\sqlalchemy\engine\base.py:2133: in _exec_insertmany_context
    self._handle_dbapi_exception(
..\..\AppData\Local\Programs\Python\Python311\Lib\site-packages\sqlalchemy\engine\base.py:2363: in _handle_dbapi_exception
    raise sqlalchemy_exception.with_traceback(exc_info[2]) from e
..\..\AppData\Local\Programs\Python\Python311\Lib\site-packages\sqlalchemy\engine\base.py:2125: in _exec_insertmany_context
    dialect.do_execute(
..\..\AppData\Local\Programs\Python\Python311\Lib\site-packages\sqlalchemy\engine\default.py:952: in do_execute
    cursor.execute(statement, parameters)
E   sqlalchemy.exc.IntegrityError: (sqlite3.IntegrityError) NOT NULL constraint failed: lancamentos.descricao
E   [SQL: INSERT INTO lancamentos (empresa_id, obra_id, descricao, categoria, tipo, valor, data, forma_pagamento, status_pagamento, parcelas, observacoes, documento, created_at, deleted_at) VALUES (?, ?, ?, ?, ?, ?, ?, ?, ?, ?, ?, ?, ?, ?) RETURNING id]
E   [parameters: (1, 1, None, None, 'Receita', 100000.0, '2026-04-01', None, 'Pago', 1, None, None, '2026-04-16 14:05:44.484346', None)]
E   (Background on this error at: https://sqlalche.me/e/20/gkpj)</failure></testcase><testcase classname="tests.test_services.TestRelatorioService" name="test_calcular_evolucao_mensal" time="0.888"><failure message="sqlalchemy.exc.IntegrityError: (sqlite3.IntegrityError) NOT NULL constraint failed: lancamentos.obra_id&#10;[SQL: INSERT INTO lancamentos (empresa_id, obra_id, descricao, categoria, tipo, valor, data, forma_pagamento, status_pagamento, parcelas, observacoes, documento, created_at, deleted_at) VALUES (?, ?, ?, ?, ?, ?, ?, ?, ?, ?, ?, ?, ?, ?) RETURNING id]&#10;[parameters: (1, None, None, None, 'Receita', 10000.0, '2026-01-15', None, 'Pago', 1, None, None, '2026-04-16 14:05:46.943028', None)]&#10;(Background on this error at: https://sqlalche.me/e/20/gkpj)">..\..\AppData\Local\Programs\Python\Python311\Lib\site-packages\sqlalchemy\engine\base.py:2125: in _exec_insertmany_context
    dialect.do_execute(
..\..\AppData\Local\Programs\Python\Python311\Lib\site-packages\sqlalchemy\engine\default.py:952: in do_execute
    cursor.execute(statement, parameters)
E   sqlite3.IntegrityError: NOT NULL constraint failed: lancamentos.obra_id

The above exception was the direct cause of the following exception:
tests\test_services.py:518: in test_calcular_evolucao_mensal
    db.session.commit()
..\..\AppData\Local\Programs\Python\Python311\Lib\site-packages\sqlalchemy\orm\scoping.py:597: in commit
    return self._proxied.commit()
           ^^^^^^^^^^^^^^^^^^^^^^
..\..\AppData\Local\Programs\Python\Python311\Lib\site-packages\sqlalchemy\orm\session.py:2030: in commit
    trans.commit(_to_root=True)
&lt;string&gt;:2: in commit
    ???
..\..\AppData\Local\Programs\Python\Python311\Lib\site-packages\sqlalchemy\orm\state_changes.py:137: in _go
    ret_value = fn(self, *arg, **kw)
                ^^^^^^^^^^^^^^^^^^^^
..\..\AppData\Local\Programs\Python\Python311\Lib\site-packages\sqlalchemy\orm\session.py:1311: in commit
    self._prepare_impl()
&lt;string&gt;:2: in _prepare_impl
    ???
..\..\AppData\Local\Programs\Python\Python311\Lib\site-packages\sqlalchemy\orm\state_changes.py:137: in _go
    ret_value = fn(self, *arg, **kw)
                ^^^^^^^^^^^^^^^^^^^^
..\..\AppData\Local\Programs\Python\Python311\Lib\site-packages\sqlalchemy\orm\session.py:1286: in _prepare_impl
    self.session.flush()
..\..\AppData\Local\Programs\Python\Python311\Lib\site-packages\sqlalchemy\orm\session.py:4331: in flush
    self._flush(objects)
..\..\AppData\Local\Programs\Python\Python311\Lib\site-packages\sqlalchemy\orm\session.py:4466: in _flush
    with util.safe_reraise():
..\..\AppData\Local\Programs\Python\Python311\Lib\site-packages\sqlalchemy\util\langhelpers.py:121: in __exit__
    raise exc_value.with_traceback(exc_tb)
..\..\AppData\Local\Programs\Python\Python311\Lib\site-packages\sqlalchemy\orm\session.py:4427: in _flush
    flush_context.execute()
..\..\AppData\Local\Programs\Python\Python311\Lib\site-packages\sqlalchemy\orm\unitofwork.py:466: in execute
    rec.execute(self)
..\..\AppData\Local\Programs\Python\Python311\Lib\site-packages\sqlalchemy\orm\unitofwork.py:642: in execute
    util.preloaded.orm_persistence.save_obj(
..\..\AppData\Local\Programs\Python\Python311\Lib\site-packages\sqlalchemy\orm\persistence.py:93: in save_obj
    _emit_insert_statements(
..\..\AppData\Local\Programs\Python\Python311\Lib\site-packages\sqlalchemy\orm\persistence.py:1143: in _emit_insert_statements
    result = connection.execute(
..\..\AppData\Local\Programs\Python\Python311\Lib\site-packages\sqlalchemy\engine\base.py:1419: in execute
    return meth(
..\..\AppData\Local\Programs\Python\Python311\Lib\site-packages\sqlalchemy\sql\elements.py:527: in _execute_on_connection
    return connection._execute_clauseelement(
..\..\AppData\Local\Programs\Python\Python311\Lib\site-packages\sqlalchemy\engine\base.py:1641: in _execute_clauseelement
    ret = self._execute_context(
..\..\AppData\Local\Programs\Python\Python311\Lib\site-packages\sqlalchemy\engine\base.py:1844: in _execute_context
    return self._exec_insertmany_context(dialect, context)
           ^^^^^^^^^^^^^^^^^^^^^^^^^^^^^^^^^^^^^^^^^^^^^^^
..\..\AppData\Local\Programs\Python\Python311\Lib\site-packages\sqlalchemy\engine\base.py:2133: in _exec_insertmany_context
    self._handle_dbapi_exception(
..\..\AppData\Local\Programs\Python\Python311\Lib\site-packages\sqlalchemy\engine\base.py:2363: in _handle_dbapi_exception
    raise sqlalchemy_exception.with_traceback(exc_info[2]) from e
..\..\AppData\Local\Programs\Python\Python311\Lib\site-packages\sqlalchemy\engine\base.py:2125: in _exec_insertmany_context
    dialect.do_execute(
..\..\AppData\Local\Programs\Python\Python311\Lib\site-packages\sqlalchemy\engine\default.py:952: in do_execute
    cursor.execute(statement, parameters)
E   sqlalchemy.exc.IntegrityError: (sqlite3.IntegrityError) NOT NULL constraint failed: lancamentos.obra_id
E   [SQL: INSERT INTO lancamentos (empresa_id, obra_id, descricao, categoria, tipo, valor, data, forma_pagamento, status_pagamento, parcelas, observacoes, documento, created_at, deleted_at) VALUES (?, ?, ?, ?, ?, ?, ?, ?, ?, ?, ?, ?, ?, ?) RETURNING id]
E   [parameters: (1, None, None, None, 'Receita', 10000.0, '2026-01-15', None, 'Pago', 1, None, None, '2026-04-16 14:05:46.943028', None)]
E   (Background on this error at: https://sqlalche.me/e/20/gkpj)</failure></testcase><testcase classname="tests.test_services.TestRelatorioService" name="test_calcular_despesas_por_categoria" time="1.073"><failure message="sqlalchemy.exc.IntegrityError: (sqlite3.IntegrityError) NOT NULL constraint failed: lancamentos.obra_id&#10;[SQL: INSERT INTO lancamentos (empresa_id, obra_id, descricao, categoria, tipo, valor, data, forma_pagamento, status_pagamento, parcelas, observacoes, documento, created_at, deleted_at) VALUES (?, ?, ?, ?, ?, ?, ?, ?, ?, ?, ?, ?, ?, ?) RETURNING id]&#10;[parameters: (1, None, None, 'Materiais', 'Despesa', 10000.0, '2026-04-01', None, 'Pago', 1, None, None, '2026-04-16 14:05:49.652527', None)]&#10;(Background on this error at: https://sqlalche.me/e/20/gkpj)">..\..\AppData\Local\Programs\Python\Python311\Lib\site-packages\sqlalchemy\engine\base.py:2125: in _exec_insertmany_context
    dialect.do_execute(
..\..\AppData\Local\Programs\Python\Python311\Lib\site-packages\sqlalchemy\engine\default.py:952: in do_execute
    cursor.execute(statement, parameters)
E   sqlite3.IntegrityError: NOT NULL constraint failed: lancamentos.obra_id

The above exception was the direct cause of the following exception:
tests\test_services.py:550: in test_calcular_despesas_por_categoria
    db.session.commit()
..\..\AppData\Local\Programs\Python\Python311\Lib\site-packages\sqlalchemy\orm\scoping.py:597: in commit
    return self._proxied.commit()
           ^^^^^^^^^^^^^^^^^^^^^^
..\..\AppData\Local\Programs\Python\Python311\Lib\site-packages\sqlalchemy\orm\session.py:2030: in commit
    trans.commit(_to_root=True)
&lt;string&gt;:2: in commit
    ???
..\..\AppData\Local\Programs\Python\Python311\Lib\site-packages\sqlalchemy\orm\state_changes.py:137: in _go
    ret_value = fn(self, *arg, **kw)
                ^^^^^^^^^^^^^^^^^^^^
..\..\AppData\Local\Programs\Python\Python311\Lib\site-packages\sqlalchemy\orm\session.py:1311: in commit
    self._prepare_impl()
&lt;string&gt;:2: in _prepare_impl
    ???
..\..\AppData\Local\Programs\Python\Python311\Lib\site-packages\sqlalchemy\orm\state_changes.py:137: in _go
    ret_value = fn(self, *arg, **kw)
                ^^^^^^^^^^^^^^^^^^^^
..\..\AppData\Local\Programs\Python\Python311\Lib\site-packages\sqlalchemy\orm\session.py:1286: in _prepare_impl
    self.session.flush()
..\..\AppData\Local\Programs\Python\Python311\Lib\site-packages\sqlalchemy\orm\session.py:4331: in flush
    self._flush(objects)
..\..\AppData\Local\Programs\Python\Python311\Lib\site-packages\sqlalchemy\orm\session.py:4466: in _flush
    with util.safe_reraise():
..\..\AppData\Local\Programs\Python\Python311\Lib\site-packages\sqlalchemy\util\langhelpers.py:121: in __exit__
    raise exc_value.with_traceback(exc_tb)
..\..\AppData\Local\Programs\Python\Python311\Lib\site-packages\sqlalchemy\orm\session.py:4427: in _flush
    flush_context.execute()
..\..\AppData\Local\Programs\Python\Python311\Lib\site-packages\sqlalchemy\orm\unitofwork.py:466: in execute
    rec.execute(self)
..\..\AppData\Local\Programs\Python\Python311\Lib\site-packages\sqlalchemy\orm\unitofwork.py:642: in execute
    util.preloaded.orm_persistence.save_obj(
..\..\AppData\Local\Programs\Python\Python311\Lib\site-packages\sqlalchemy\orm\persistence.py:93: in save_obj
    _emit_insert_statements(
..\..\AppData\Local\Programs\Python\Python311\Lib\site-packages\sqlalchemy\orm\persistence.py:1143: in _emit_insert_statements
    result = connection.execute(
..\..\AppData\Local\Programs\Python\Python311\Lib\site-packages\sqlalchemy\engine\base.py:1419: in execute
    return meth(
..\..\AppData\Local\Programs\Python\Python311\Lib\site-packages\sqlalchemy\sql\elements.py:527: in _execute_on_connection
    return connection._execute_clauseelement(
..\..\AppData\Local\Programs\Python\Python311\Lib\site-packages\sqlalchemy\engine\base.py:1641: in _execute_clauseelement
    ret = self._execute_context(
..\..\AppData\Local\Programs\Python\Python311\Lib\site-packages\sqlalchemy\engine\base.py:1844: in _execute_context
    return self._exec_insertmany_context(dialect, context)
           ^^^^^^^^^^^^^^^^^^^^^^^^^^^^^^^^^^^^^^^^^^^^^^^
..\..\AppData\Local\Programs\Python\Python311\Lib\site-packages\sqlalchemy\engine\base.py:2133: in _exec_insertmany_context
    self._handle_dbapi_exception(
..\..\AppData\Local\Programs\Python\Python311\Lib\site-packages\sqlalchemy\engine\base.py:2363: in _handle_dbapi_exception
    raise sqlalchemy_exception.with_traceback(exc_info[2]) from e
..\..\AppData\Local\Programs\Python\Python311\Lib\site-packages\sqlalchemy\engine\base.py:2125: in _exec_insertmany_context
    dialect.do_execute(
..\..\AppData\Local\Programs\Python\Python311\Lib\site-packages\sqlalchemy\engine\default.py:952: in do_execute
    cursor.execute(statement, parameters)
E   sqlalchemy.exc.IntegrityError: (sqlite3.IntegrityError) NOT NULL constraint failed: lancamentos.obra_id
E   [SQL: INSERT INTO lancamentos (empresa_id, obra_id, descricao, categoria, tipo, valor, data, forma_pagamento, status_pagamento, parcelas, observacoes, documento, created_at, deleted_at) VALUES (?, ?, ?, ?, ?, ?, ?, ?, ?, ?, ?, ?, ?, ?) RETURNING id]
E   [parameters: (1, None, None, 'Materiais', 'Despesa', 10000.0, '2026-04-01', None, 'Pago', 1, None, None, '2026-04-16 14:05:49.652527', None)]
E   (Background on this error at: https://sqlalche.me/e/20/gkpj)</failure></testcase><testcase classname="tests.test_services.TestOrcamentoService" name="test_criar_orcamento" time="0.891"><failure message="assert &quot;Erro ao criar or\xe7amento: 'obra_id' is an invalid keyword argument for Orcamento&quot; is None">tests\test_services.py:588: in test_criar_orcamento
    assert error is None
E   assert "Erro ao criar or\xe7amento: 'obra_id' is an invalid keyword argument for Orcamento" is None</failure></testcase><testcase classname="tests.test_services.TestOrcamentoService" name="test_duplicar_orcamento" time="1.052"><failure message="TypeError: 'obra_id' is an invalid keyword argument for Orcamento">tests\test_services.py:601: in test_duplicar_orcamento
    orcamento = Orcamento(
&lt;string&gt;:4: in __init__
    ???
..\..\AppData\Local\Programs\Python\Python311\Lib\site-packages\sqlalchemy\orm\state.py:596: in _initialize_instance
    with util.safe_reraise():
..\..\AppData\Local\Programs\Python\Python311\Lib\site-packages\sqlalchemy\util\langhelpers.py:121: in __exit__
    raise exc_value.with_traceback(exc_tb)
..\..\AppData\Local\Programs\Python\Python311\Lib\site-packages\sqlalchemy\orm\state.py:594: in _initialize_instance
    manager.original_init(*mixed[1:], **kwargs)
..\..\AppData\Local\Programs\Python\Python311\Lib\site-packages\sqlalchemy\orm\decl_base.py:2179: in _declarative_constructor
    raise TypeError(
E   TypeError: 'obra_id' is an invalid keyword argument for Orcamento</failure></testcase><testcase classname="tests.test_services.TestAuditService" name="test_log_atividade" time="0.866"><failure message="sqlalchemy.exc.PendingRollbackError: This Session's transaction has been rolled back due to a previous exception during flush. To begin a new transaction with this Session, first issue Session.rollback(). Original exception was: (sqlite3.IntegrityError) NOT NULL constraint failed: logs_atividade.empresa_id&#10;[SQL: INSERT INTO logs_atividade (empresa_id, usuario_id, acao, entidade, entidade_id, detalhes, ip, created_at) VALUES (?, ?, ?, ?, ?, ?, ?, ?)]&#10;[parameters: (None, None, 'Teste de log', 'Teste', 1, 'Detalhes do teste', None, '2026-04-16 14:05:54.434975')]&#10;(Background on this error at: https://sqlalche.me/e/20/gkpj) (Background on this error at: https://sqlalche.me/e/20/7s2a)">tests\test_services.py:635: in test_log_atividade
    log = LogAtividade.query.filter_by(acao='Teste de log').first()
          ^^^^^^^^^^^^^^^^^^^^^^^^^^^^^^^^^^^^^^^^^^^^^^^^^^^^^^^^^
..\..\AppData\Local\Programs\Python\Python311\Lib\site-packages\sqlalchemy\orm\query.py:2766: in first
    return self.limit(1)._iter().first()  # type: ignore
           ^^^^^^^^^^^^^^^^^^^^^
..\..\AppData\Local\Programs\Python\Python311\Lib\site-packages\sqlalchemy\orm\query.py:2864: in _iter
    result: Union[ScalarResult[_T], Result[_T]] = self.session.execute(
..\..\AppData\Local\Programs\Python\Python311\Lib\site-packages\sqlalchemy\orm\session.py:2351: in execute
    return self._execute_internal(
..\..\AppData\Local\Programs\Python\Python311\Lib\site-packages\sqlalchemy\orm\session.py:2239: in _execute_internal
    conn = self._connection_for_bind(bind)
           ^^^^^^^^^^^^^^^^^^^^^^^^^^^^^^^
..\..\AppData\Local\Programs\Python\Python311\Lib\site-packages\sqlalchemy\orm\session.py:2108: in _connection_for_bind
    return trans._connection_for_bind(engine, execution_options)
           ^^^^^^^^^^^^^^^^^^^^^^^^^^^^^^^^^^^^^^^^^^^^^^^^^^^^^
&lt;string&gt;:2: in _connection_for_bind
    ???
..\..\AppData\Local\Programs\Python\Python311\Lib\site-packages\sqlalchemy\orm\state_changes.py:101: in _go
    self._raise_for_prerequisite_state(fn.__name__, current_state)
..\..\AppData\Local\Programs\Python\Python311\Lib\site-packages\sqlalchemy\orm\session.py:971: in _raise_for_prerequisite_state
    raise sa_exc.PendingRollbackError(
E   sqlalchemy.exc.PendingRollbackError: This Session's transaction has been rolled back due to a previous exception during flush. To begin a new transaction with this Session, first issue Session.rollback(). Original exception was: (sqlite3.IntegrityError) NOT NULL constraint failed: logs_atividade.empresa_id
E   [SQL: INSERT INTO logs_atividade (empresa_id, usuario_id, acao, entidade, entidade_id, detalhes, ip, created_at) VALUES (?, ?, ?, ?, ?, ?, ?, ?)]
E   [parameters: (None, None, 'Teste de log', 'Teste', 1, 'Detalhes do teste', None, '2026-04-16 14:05:54.434975')]
E   (Background on this error at: https://sqlalche.me/e/20/gkpj) (Background on this error at: https://sqlalche.me/e/20/7s2a)</failure></testcase></testsuite></testsuites>